2022-04-30 18:59:09,885 INFO    MainThread:185169 [internal.py:wandb_internal():89] W&B internal server running at pid: 185169, started at: 2022-04-30 18:59:09.885018
2022-04-30 18:59:09,886 DEBUG   HandlerThread:185169 [handler.py:handle_request():131] handle_request: check_version
2022-04-30 18:59:09,886 INFO    WriterThread:185169 [datastore.py:open_for_write():77] open: /home/soroosh/Programmes/DD/DD_package/wandb/run-20220430_185909-140idbdb/run-140idbdb.wandb
2022-04-30 18:59:09,887 DEBUG   SenderThread:185169 [sender.py:send():235] send: header
2022-04-30 18:59:09,887 DEBUG   SenderThread:185169 [sender.py:send_request():249] send_request: check_version
2022-04-30 18:59:09,979 DEBUG   SenderThread:185169 [sender.py:send():235] send: run
2022-04-30 18:59:11,643 INFO    SenderThread:185169 [dir_watcher.py:__init__():169] watching files in: /home/soroosh/Programmes/DD/DD_package/wandb/run-20220430_185909-140idbdb/files
2022-04-30 18:59:11,643 INFO    SenderThread:185169 [sender.py:_start_run_threads():809] run started: 140idbdb with start time 1651334349
2022-04-30 18:59:11,643 DEBUG   SenderThread:185169 [sender.py:send():235] send: summary
2022-04-30 18:59:11,643 INFO    SenderThread:185169 [sender.py:_save_file():944] saving file wandb-summary.json with policy end
2022-04-30 18:59:11,644 DEBUG   HandlerThread:185169 [handler.py:handle_request():131] handle_request: run_start
2022-04-30 18:59:12,646 INFO    Thread-8  :185169 [dir_watcher.py:_on_file_created():217] file/dir created: /home/soroosh/Programmes/DD/DD_package/wandb/run-20220430_185909-140idbdb/files/wandb-summary.json
2022-04-30 18:59:13,077 DEBUG   HandlerThread:185169 [meta.py:__init__():36] meta init
2022-04-30 18:59:13,077 DEBUG   HandlerThread:185169 [meta.py:__init__():50] meta init done
2022-04-30 18:59:13,077 DEBUG   HandlerThread:185169 [meta.py:probe():210] probe
2022-04-30 18:59:13,078 DEBUG   HandlerThread:185169 [meta.py:_setup_git():200] setup git
2022-04-30 18:59:13,098 DEBUG   HandlerThread:185169 [meta.py:_setup_git():207] setup git done
2022-04-30 18:59:13,098 DEBUG   HandlerThread:185169 [meta.py:_save_code():88] save code
2022-04-30 18:59:13,105 DEBUG   HandlerThread:185169 [meta.py:_save_code():109] save code done
2022-04-30 18:59:13,105 DEBUG   HandlerThread:185169 [meta.py:_save_patches():126] save patches
2022-04-30 18:59:13,271 DEBUG   HandlerThread:185169 [meta.py:_save_patches():168] save patches done
2022-04-30 18:59:13,271 DEBUG   HandlerThread:185169 [meta.py:_save_pip():54] save pip
2022-04-30 18:59:13,272 DEBUG   HandlerThread:185169 [meta.py:_save_pip():68] save pip done
2022-04-30 18:59:13,272 DEBUG   HandlerThread:185169 [meta.py:probe():248] probe done
2022-04-30 18:59:13,274 DEBUG   SenderThread:185169 [sender.py:send():235] send: files
2022-04-30 18:59:13,274 INFO    SenderThread:185169 [sender.py:_save_file():944] saving file wandb-metadata.json with policy now
2022-04-30 18:59:13,274 INFO    SenderThread:185169 [sender.py:_save_file():944] saving file code/DD_package/main.py with policy now
2022-04-30 18:59:13,274 INFO    SenderThread:185169 [sender.py:_save_file():944] saving file diff.patch with policy now
2022-04-30 18:59:13,277 DEBUG   HandlerThread:185169 [handler.py:handle_request():131] handle_request: stop_status
2022-04-30 18:59:13,278 DEBUG   SenderThread:185169 [sender.py:send_request():249] send_request: stop_status
2022-04-30 18:59:13,645 INFO    Thread-8  :185169 [dir_watcher.py:_on_file_created():217] file/dir created: /home/soroosh/Programmes/DD/DD_package/wandb/run-20220430_185909-140idbdb/files/output.log
2022-04-30 18:59:13,646 INFO    Thread-8  :185169 [dir_watcher.py:_on_file_created():217] file/dir created: /home/soroosh/Programmes/DD/DD_package/wandb/run-20220430_185909-140idbdb/files/diff.patch
2022-04-30 18:59:13,646 INFO    Thread-8  :185169 [dir_watcher.py:_on_file_created():217] file/dir created: /home/soroosh/Programmes/DD/DD_package/wandb/run-20220430_185909-140idbdb/files/wandb-metadata.json
2022-04-30 18:59:13,646 INFO    Thread-8  :185169 [dir_watcher.py:_on_file_created():217] file/dir created: /home/soroosh/Programmes/DD/DD_package/wandb/run-20220430_185909-140idbdb/files/requirements.txt
2022-04-30 18:59:13,646 INFO    Thread-8  :185169 [dir_watcher.py:_on_file_created():217] file/dir created: /home/soroosh/Programmes/DD/DD_package/wandb/run-20220430_185909-140idbdb/files/code/DD_package/main.py
2022-04-30 18:59:13,646 INFO    Thread-8  :185169 [dir_watcher.py:_on_file_created():217] file/dir created: /home/soroosh/Programmes/DD/DD_package/wandb/run-20220430_185909-140idbdb/files/code/DD_package
2022-04-30 18:59:13,646 INFO    Thread-8  :185169 [dir_watcher.py:_on_file_created():217] file/dir created: /home/soroosh/Programmes/DD/DD_package/wandb/run-20220430_185909-140idbdb/files/code
2022-04-30 18:59:13,914 INFO    Thread-11 :185169 [upload_job.py:push():137] Uploaded file /tmp/tmpovea3snewandb/1l46es58-wandb-metadata.json
2022-04-30 18:59:13,951 INFO    Thread-12 :185169 [upload_job.py:push():137] Uploaded file /tmp/tmpovea3snewandb/z0uboqvi-code/DD_package/main.py
2022-04-30 18:59:14,172 INFO    Thread-13 :185169 [upload_job.py:push():137] Uploaded file /tmp/tmpovea3snewandb/15l9vyko-diff.patch
2022-04-30 18:59:28,484 DEBUG   HandlerThread:185169 [handler.py:handle_request():131] handle_request: stop_status
2022-04-30 18:59:28,485 DEBUG   SenderThread:185169 [sender.py:send_request():249] send_request: stop_status
2022-04-30 18:59:41,129 DEBUG   SenderThread:185169 [sender.py:send():235] send: stats
2022-04-30 18:59:43,774 DEBUG   HandlerThread:185169 [handler.py:handle_request():131] handle_request: stop_status
2022-04-30 18:59:43,775 DEBUG   SenderThread:185169 [sender.py:send_request():249] send_request: stop_status
2022-04-30 18:59:59,053 DEBUG   HandlerThread:185169 [handler.py:handle_request():131] handle_request: stop_status
2022-04-30 18:59:59,053 DEBUG   SenderThread:185169 [sender.py:send_request():249] send_request: stop_status
2022-04-30 19:00:11,177 DEBUG   SenderThread:185169 [sender.py:send():235] send: stats
2022-04-30 19:00:14,253 DEBUG   HandlerThread:185169 [handler.py:handle_request():131] handle_request: stop_status
2022-04-30 19:00:14,253 DEBUG   SenderThread:185169 [sender.py:send_request():249] send_request: stop_status
2022-04-30 19:00:29,471 DEBUG   HandlerThread:185169 [handler.py:handle_request():131] handle_request: stop_status
2022-04-30 19:00:29,472 DEBUG   SenderThread:185169 [sender.py:send_request():249] send_request: stop_status
2022-04-30 19:00:41,224 DEBUG   SenderThread:185169 [sender.py:send():235] send: stats
2022-04-30 19:00:44,675 DEBUG   HandlerThread:185169 [handler.py:handle_request():131] handle_request: stop_status
2022-04-30 19:00:44,675 DEBUG   SenderThread:185169 [sender.py:send_request():249] send_request: stop_status
2022-04-30 19:00:59,882 DEBUG   HandlerThread:185169 [handler.py:handle_request():131] handle_request: stop_status
2022-04-30 19:00:59,882 DEBUG   SenderThread:185169 [sender.py:send_request():249] send_request: stop_status
2022-04-30 19:01:11,271 DEBUG   SenderThread:185169 [sender.py:send():235] send: stats
2022-04-30 19:01:15,075 DEBUG   HandlerThread:185169 [handler.py:handle_request():131] handle_request: stop_status
2022-04-30 19:01:15,076 DEBUG   SenderThread:185169 [sender.py:send_request():249] send_request: stop_status
2022-04-30 19:01:30,268 DEBUG   HandlerThread:185169 [handler.py:handle_request():131] handle_request: stop_status
2022-04-30 19:01:30,268 DEBUG   SenderThread:185169 [sender.py:send_request():249] send_request: stop_status
2022-04-30 19:01:41,317 DEBUG   SenderThread:185169 [sender.py:send():235] send: stats
2022-04-30 19:01:45,791 DEBUG   HandlerThread:185169 [handler.py:handle_request():131] handle_request: stop_status
2022-04-30 19:01:45,792 DEBUG   SenderThread:185169 [sender.py:send_request():249] send_request: stop_status
2022-04-30 19:02:00,997 DEBUG   HandlerThread:185169 [handler.py:handle_request():131] handle_request: stop_status
2022-04-30 19:02:00,998 DEBUG   SenderThread:185169 [sender.py:send_request():249] send_request: stop_status
2022-04-30 19:02:11,364 DEBUG   SenderThread:185169 [sender.py:send():235] send: stats
2022-04-30 19:02:16,201 DEBUG   HandlerThread:185169 [handler.py:handle_request():131] handle_request: stop_status
2022-04-30 19:02:16,201 DEBUG   SenderThread:185169 [sender.py:send_request():249] send_request: stop_status
2022-04-30 19:02:31,411 DEBUG   HandlerThread:185169 [handler.py:handle_request():131] handle_request: stop_status
2022-04-30 19:02:31,411 DEBUG   SenderThread:185169 [sender.py:send_request():249] send_request: stop_status
2022-04-30 19:02:41,415 DEBUG   SenderThread:185169 [sender.py:send():235] send: stats
2022-04-30 19:02:46,876 DEBUG   HandlerThread:185169 [handler.py:handle_request():131] handle_request: stop_status
2022-04-30 19:02:46,876 DEBUG   SenderThread:185169 [sender.py:send_request():249] send_request: stop_status
2022-04-30 19:03:02,068 DEBUG   HandlerThread:185169 [handler.py:handle_request():131] handle_request: stop_status
2022-04-30 19:03:02,068 DEBUG   SenderThread:185169 [sender.py:send_request():249] send_request: stop_status
2022-04-30 19:03:11,464 DEBUG   SenderThread:185169 [sender.py:send():235] send: stats
2022-04-30 19:03:17,264 DEBUG   HandlerThread:185169 [handler.py:handle_request():131] handle_request: stop_status
2022-04-30 19:03:17,264 DEBUG   SenderThread:185169 [sender.py:send_request():249] send_request: stop_status
2022-04-30 19:03:32,574 DEBUG   HandlerThread:185169 [handler.py:handle_request():131] handle_request: stop_status
2022-04-30 19:03:32,574 DEBUG   SenderThread:185169 [sender.py:send_request():249] send_request: stop_status
2022-04-30 19:03:41,513 DEBUG   SenderThread:185169 [sender.py:send():235] send: stats
2022-04-30 19:03:47,770 DEBUG   HandlerThread:185169 [handler.py:handle_request():131] handle_request: stop_status
2022-04-30 19:03:47,770 DEBUG   SenderThread:185169 [sender.py:send_request():249] send_request: stop_status
2022-04-30 19:04:02,968 DEBUG   HandlerThread:185169 [handler.py:handle_request():131] handle_request: stop_status
2022-04-30 19:04:02,968 DEBUG   SenderThread:185169 [sender.py:send_request():249] send_request: stop_status
2022-04-30 19:04:11,564 DEBUG   SenderThread:185169 [sender.py:send():235] send: stats
2022-04-30 19:04:18,165 DEBUG   HandlerThread:185169 [handler.py:handle_request():131] handle_request: stop_status
2022-04-30 19:04:18,165 DEBUG   SenderThread:185169 [sender.py:send_request():249] send_request: stop_status
2022-04-30 19:04:33,374 DEBUG   HandlerThread:185169 [handler.py:handle_request():131] handle_request: stop_status
2022-04-30 19:04:33,374 DEBUG   SenderThread:185169 [sender.py:send_request():249] send_request: stop_status
2022-04-30 19:04:41,612 DEBUG   SenderThread:185169 [sender.py:send():235] send: stats
2022-04-30 19:04:48,614 DEBUG   HandlerThread:185169 [handler.py:handle_request():131] handle_request: stop_status
2022-04-30 19:04:48,614 DEBUG   SenderThread:185169 [sender.py:send_request():249] send_request: stop_status
2022-04-30 19:05:03,880 DEBUG   HandlerThread:185169 [handler.py:handle_request():131] handle_request: stop_status
2022-04-30 19:05:03,880 DEBUG   SenderThread:185169 [sender.py:send_request():249] send_request: stop_status
2022-04-30 19:05:11,662 DEBUG   SenderThread:185169 [sender.py:send():235] send: stats
2022-04-30 19:05:19,085 DEBUG   HandlerThread:185169 [handler.py:handle_request():131] handle_request: stop_status
2022-04-30 19:05:19,086 DEBUG   SenderThread:185169 [sender.py:send_request():249] send_request: stop_status
2022-04-30 19:05:34,290 DEBUG   HandlerThread:185169 [handler.py:handle_request():131] handle_request: stop_status
2022-04-30 19:05:34,290 DEBUG   SenderThread:185169 [sender.py:send_request():249] send_request: stop_status
2022-04-30 19:05:41,709 DEBUG   SenderThread:185169 [sender.py:send():235] send: stats
2022-04-30 19:05:49,498 DEBUG   HandlerThread:185169 [handler.py:handle_request():131] handle_request: stop_status
2022-04-30 19:05:49,498 DEBUG   SenderThread:185169 [sender.py:send_request():249] send_request: stop_status
2022-04-30 19:06:04,725 DEBUG   HandlerThread:185169 [handler.py:handle_request():131] handle_request: stop_status
2022-04-30 19:06:04,725 DEBUG   SenderThread:185169 [sender.py:send_request():249] send_request: stop_status
2022-04-30 19:06:11,757 DEBUG   SenderThread:185169 [sender.py:send():235] send: stats
2022-04-30 19:06:19,922 DEBUG   HandlerThread:185169 [handler.py:handle_request():131] handle_request: stop_status
2022-04-30 19:06:19,922 DEBUG   SenderThread:185169 [sender.py:send_request():249] send_request: stop_status
2022-04-30 19:06:35,131 DEBUG   HandlerThread:185169 [handler.py:handle_request():131] handle_request: stop_status
2022-04-30 19:06:35,131 DEBUG   SenderThread:185169 [sender.py:send_request():249] send_request: stop_status
2022-04-30 19:06:41,804 DEBUG   SenderThread:185169 [sender.py:send():235] send: stats
2022-04-30 19:06:50,320 DEBUG   HandlerThread:185169 [handler.py:handle_request():131] handle_request: stop_status
2022-04-30 19:06:50,320 DEBUG   SenderThread:185169 [sender.py:send_request():249] send_request: stop_status
2022-04-30 19:07:05,522 DEBUG   HandlerThread:185169 [handler.py:handle_request():131] handle_request: stop_status
2022-04-30 19:07:05,523 DEBUG   SenderThread:185169 [sender.py:send_request():249] send_request: stop_status
2022-04-30 19:07:11,853 DEBUG   SenderThread:185169 [sender.py:send():235] send: stats
2022-04-30 19:07:20,723 DEBUG   HandlerThread:185169 [handler.py:handle_request():131] handle_request: stop_status
2022-04-30 19:07:20,724 DEBUG   SenderThread:185169 [sender.py:send_request():249] send_request: stop_status
2022-04-30 19:07:35,918 DEBUG   HandlerThread:185169 [handler.py:handle_request():131] handle_request: stop_status
2022-04-30 19:07:35,918 DEBUG   SenderThread:185169 [sender.py:send_request():249] send_request: stop_status
2022-04-30 19:07:41,900 DEBUG   SenderThread:185169 [sender.py:send():235] send: stats
2022-04-30 19:07:52,022 DEBUG   HandlerThread:185169 [handler.py:handle_request():131] handle_request: stop_status
2022-04-30 19:07:52,023 DEBUG   SenderThread:185169 [sender.py:send_request():249] send_request: stop_status
2022-04-30 19:08:07,222 DEBUG   HandlerThread:185169 [handler.py:handle_request():131] handle_request: stop_status
2022-04-30 19:08:07,222 DEBUG   SenderThread:185169 [sender.py:send_request():249] send_request: stop_status
2022-04-30 19:08:11,945 DEBUG   SenderThread:185169 [sender.py:send():235] send: stats
2022-04-30 19:08:22,419 DEBUG   HandlerThread:185169 [handler.py:handle_request():131] handle_request: stop_status
2022-04-30 19:08:22,420 DEBUG   SenderThread:185169 [sender.py:send_request():249] send_request: stop_status
2022-04-30 19:08:37,648 DEBUG   HandlerThread:185169 [handler.py:handle_request():131] handle_request: stop_status
2022-04-30 19:08:37,648 DEBUG   SenderThread:185169 [sender.py:send_request():249] send_request: stop_status
2022-04-30 19:08:41,990 DEBUG   SenderThread:185169 [sender.py:send():235] send: stats
2022-04-30 19:08:52,856 DEBUG   HandlerThread:185169 [handler.py:handle_request():131] handle_request: stop_status
2022-04-30 19:08:52,856 DEBUG   SenderThread:185169 [sender.py:send_request():249] send_request: stop_status
2022-04-30 19:09:08,061 DEBUG   HandlerThread:185169 [handler.py:handle_request():131] handle_request: stop_status
2022-04-30 19:09:08,061 DEBUG   SenderThread:185169 [sender.py:send_request():249] send_request: stop_status
2022-04-30 19:09:12,035 DEBUG   SenderThread:185169 [sender.py:send():235] send: stats
2022-04-30 19:09:23,262 DEBUG   HandlerThread:185169 [handler.py:handle_request():131] handle_request: stop_status
2022-04-30 19:09:23,262 DEBUG   SenderThread:185169 [sender.py:send_request():249] send_request: stop_status
2022-04-30 19:09:38,467 DEBUG   HandlerThread:185169 [handler.py:handle_request():131] handle_request: stop_status
2022-04-30 19:09:38,468 DEBUG   SenderThread:185169 [sender.py:send_request():249] send_request: stop_status
2022-04-30 19:09:42,080 DEBUG   SenderThread:185169 [sender.py:send():235] send: stats
2022-04-30 19:09:53,675 DEBUG   HandlerThread:185169 [handler.py:handle_request():131] handle_request: stop_status
2022-04-30 19:09:53,675 DEBUG   SenderThread:185169 [sender.py:send_request():249] send_request: stop_status
2022-04-30 19:10:08,878 DEBUG   HandlerThread:185169 [handler.py:handle_request():131] handle_request: stop_status
2022-04-30 19:10:08,878 DEBUG   SenderThread:185169 [sender.py:send_request():249] send_request: stop_status
2022-04-30 19:10:12,126 DEBUG   SenderThread:185169 [sender.py:send():235] send: stats
2022-04-30 19:10:24,078 DEBUG   HandlerThread:185169 [handler.py:handle_request():131] handle_request: stop_status
2022-04-30 19:10:24,078 DEBUG   SenderThread:185169 [sender.py:send_request():249] send_request: stop_status
2022-04-30 19:10:39,273 DEBUG   HandlerThread:185169 [handler.py:handle_request():131] handle_request: stop_status
2022-04-30 19:10:39,274 DEBUG   SenderThread:185169 [sender.py:send_request():249] send_request: stop_status
2022-04-30 19:10:42,171 DEBUG   SenderThread:185169 [sender.py:send():235] send: stats
2022-04-30 19:10:54,478 DEBUG   HandlerThread:185169 [handler.py:handle_request():131] handle_request: stop_status
2022-04-30 19:10:54,478 DEBUG   SenderThread:185169 [sender.py:send_request():249] send_request: stop_status
2022-04-30 19:11:09,682 DEBUG   HandlerThread:185169 [handler.py:handle_request():131] handle_request: stop_status
2022-04-30 19:11:09,682 DEBUG   SenderThread:185169 [sender.py:send_request():249] send_request: stop_status
2022-04-30 19:11:12,219 DEBUG   SenderThread:185169 [sender.py:send():235] send: stats
2022-04-30 19:11:24,886 DEBUG   HandlerThread:185169 [handler.py:handle_request():131] handle_request: stop_status
2022-04-30 19:11:24,886 DEBUG   SenderThread:185169 [sender.py:send_request():249] send_request: stop_status
2022-04-30 19:11:40,092 DEBUG   HandlerThread:185169 [handler.py:handle_request():131] handle_request: stop_status
2022-04-30 19:11:40,092 DEBUG   SenderThread:185169 [sender.py:send_request():249] send_request: stop_status
2022-04-30 19:11:42,265 DEBUG   SenderThread:185169 [sender.py:send():235] send: stats
2022-04-30 19:11:55,511 DEBUG   HandlerThread:185169 [handler.py:handle_request():131] handle_request: stop_status
2022-04-30 19:11:55,511 DEBUG   SenderThread:185169 [sender.py:send_request():249] send_request: stop_status
2022-04-30 19:12:10,708 DEBUG   HandlerThread:185169 [handler.py:handle_request():131] handle_request: stop_status
2022-04-30 19:12:10,708 DEBUG   SenderThread:185169 [sender.py:send_request():249] send_request: stop_status
2022-04-30 19:12:12,320 DEBUG   SenderThread:185169 [sender.py:send():235] send: stats
2022-04-30 19:12:25,959 DEBUG   HandlerThread:185169 [handler.py:handle_request():131] handle_request: stop_status
2022-04-30 19:12:25,959 DEBUG   SenderThread:185169 [sender.py:send_request():249] send_request: stop_status
2022-04-30 19:12:41,162 DEBUG   HandlerThread:185169 [handler.py:handle_request():131] handle_request: stop_status
2022-04-30 19:12:41,162 DEBUG   SenderThread:185169 [sender.py:send_request():249] send_request: stop_status
2022-04-30 19:12:42,377 DEBUG   SenderThread:185169 [sender.py:send():235] send: stats
2022-04-30 19:12:56,372 DEBUG   HandlerThread:185169 [handler.py:handle_request():131] handle_request: stop_status
2022-04-30 19:12:56,372 DEBUG   SenderThread:185169 [sender.py:send_request():249] send_request: stop_status
2022-04-30 19:13:11,576 DEBUG   HandlerThread:185169 [handler.py:handle_request():131] handle_request: stop_status
2022-04-30 19:13:11,576 DEBUG   SenderThread:185169 [sender.py:send_request():249] send_request: stop_status
2022-04-30 19:13:12,429 DEBUG   SenderThread:185169 [sender.py:send():235] send: stats
2022-04-30 19:13:26,767 DEBUG   HandlerThread:185169 [handler.py:handle_request():131] handle_request: stop_status
2022-04-30 19:13:26,767 DEBUG   SenderThread:185169 [sender.py:send_request():249] send_request: stop_status
2022-04-30 19:13:41,975 DEBUG   HandlerThread:185169 [handler.py:handle_request():131] handle_request: stop_status
2022-04-30 19:13:41,976 DEBUG   SenderThread:185169 [sender.py:send_request():249] send_request: stop_status
2022-04-30 19:13:42,475 DEBUG   SenderThread:185169 [sender.py:send():235] send: stats
2022-04-30 19:13:57,183 DEBUG   HandlerThread:185169 [handler.py:handle_request():131] handle_request: stop_status
2022-04-30 19:13:57,183 DEBUG   SenderThread:185169 [sender.py:send_request():249] send_request: stop_status
2022-04-30 19:14:12,374 DEBUG   HandlerThread:185169 [handler.py:handle_request():131] handle_request: stop_status
2022-04-30 19:14:12,374 DEBUG   SenderThread:185169 [sender.py:send_request():249] send_request: stop_status
2022-04-30 19:14:12,577 DEBUG   SenderThread:185169 [sender.py:send():235] send: stats
2022-04-30 19:14:27,582 DEBUG   HandlerThread:185169 [handler.py:handle_request():131] handle_request: stop_status
2022-04-30 19:14:27,582 DEBUG   SenderThread:185169 [sender.py:send_request():249] send_request: stop_status
2022-04-30 19:14:42,571 DEBUG   SenderThread:185169 [sender.py:send():235] send: stats
2022-04-30 19:14:42,782 DEBUG   HandlerThread:185169 [handler.py:handle_request():131] handle_request: stop_status
2022-04-30 19:14:42,782 DEBUG   SenderThread:185169 [sender.py:send_request():249] send_request: stop_status
2022-04-30 19:14:57,982 DEBUG   HandlerThread:185169 [handler.py:handle_request():131] handle_request: stop_status
2022-04-30 19:14:57,983 DEBUG   SenderThread:185169 [sender.py:send_request():249] send_request: stop_status
2022-04-30 19:15:12,618 DEBUG   SenderThread:185169 [sender.py:send():235] send: stats
2022-04-30 19:15:13,184 DEBUG   HandlerThread:185169 [handler.py:handle_request():131] handle_request: stop_status
2022-04-30 19:15:13,185 DEBUG   SenderThread:185169 [sender.py:send_request():249] send_request: stop_status
2022-04-30 19:15:28,389 DEBUG   HandlerThread:185169 [handler.py:handle_request():131] handle_request: stop_status
2022-04-30 19:15:28,389 DEBUG   SenderThread:185169 [sender.py:send_request():249] send_request: stop_status
2022-04-30 19:15:42,666 DEBUG   SenderThread:185169 [sender.py:send():235] send: stats
2022-04-30 19:15:43,586 DEBUG   HandlerThread:185169 [handler.py:handle_request():131] handle_request: stop_status
2022-04-30 19:15:43,587 DEBUG   SenderThread:185169 [sender.py:send_request():249] send_request: stop_status
2022-04-30 19:15:58,808 DEBUG   HandlerThread:185169 [handler.py:handle_request():131] handle_request: stop_status
2022-04-30 19:15:58,808 DEBUG   SenderThread:185169 [sender.py:send_request():249] send_request: stop_status
2022-04-30 19:16:12,716 DEBUG   SenderThread:185169 [sender.py:send():235] send: stats
2022-04-30 19:16:14,011 DEBUG   HandlerThread:185169 [handler.py:handle_request():131] handle_request: stop_status
2022-04-30 19:16:14,011 DEBUG   SenderThread:185169 [sender.py:send_request():249] send_request: stop_status
2022-04-30 19:16:29,209 DEBUG   HandlerThread:185169 [handler.py:handle_request():131] handle_request: stop_status
2022-04-30 19:16:29,209 DEBUG   SenderThread:185169 [sender.py:send_request():249] send_request: stop_status
2022-04-30 19:16:42,766 DEBUG   SenderThread:185169 [sender.py:send():235] send: stats
2022-04-30 19:16:44,408 DEBUG   HandlerThread:185169 [handler.py:handle_request():131] handle_request: stop_status
2022-04-30 19:16:44,408 DEBUG   SenderThread:185169 [sender.py:send_request():249] send_request: stop_status
2022-04-30 19:16:59,607 DEBUG   HandlerThread:185169 [handler.py:handle_request():131] handle_request: stop_status
2022-04-30 19:16:59,608 DEBUG   SenderThread:185169 [sender.py:send_request():249] send_request: stop_status
2022-04-30 19:17:12,817 DEBUG   SenderThread:185169 [sender.py:send():235] send: stats
2022-04-30 19:17:14,816 DEBUG   HandlerThread:185169 [handler.py:handle_request():131] handle_request: stop_status
2022-04-30 19:17:14,816 DEBUG   SenderThread:185169 [sender.py:send_request():249] send_request: stop_status
2022-04-30 19:17:30,019 DEBUG   HandlerThread:185169 [handler.py:handle_request():131] handle_request: stop_status
2022-04-30 19:17:30,019 DEBUG   SenderThread:185169 [sender.py:send_request():249] send_request: stop_status
2022-04-30 19:17:42,868 DEBUG   SenderThread:185169 [sender.py:send():235] send: stats
2022-04-30 19:17:45,257 DEBUG   HandlerThread:185169 [handler.py:handle_request():131] handle_request: stop_status
2022-04-30 19:17:45,257 DEBUG   SenderThread:185169 [sender.py:send_request():249] send_request: stop_status
2022-04-30 19:18:01,136 DEBUG   HandlerThread:185169 [handler.py:handle_request():131] handle_request: stop_status
2022-04-30 19:18:01,136 DEBUG   SenderThread:185169 [sender.py:send_request():249] send_request: stop_status
2022-04-30 19:18:12,915 DEBUG   SenderThread:185169 [sender.py:send():235] send: stats
2022-04-30 19:18:16,352 DEBUG   HandlerThread:185169 [handler.py:handle_request():131] handle_request: stop_status
2022-04-30 19:18:16,352 DEBUG   SenderThread:185169 [sender.py:send_request():249] send_request: stop_status
2022-04-30 19:18:31,568 DEBUG   HandlerThread:185169 [handler.py:handle_request():131] handle_request: stop_status
2022-04-30 19:18:31,568 DEBUG   SenderThread:185169 [sender.py:send_request():249] send_request: stop_status
2022-04-30 19:18:42,964 DEBUG   SenderThread:185169 [sender.py:send():235] send: stats
2022-04-30 19:18:46,775 DEBUG   HandlerThread:185169 [handler.py:handle_request():131] handle_request: stop_status
2022-04-30 19:18:46,776 DEBUG   SenderThread:185169 [sender.py:send_request():249] send_request: stop_status
2022-04-30 19:19:01,975 DEBUG   HandlerThread:185169 [handler.py:handle_request():131] handle_request: stop_status
2022-04-30 19:19:01,975 DEBUG   SenderThread:185169 [sender.py:send_request():249] send_request: stop_status
2022-04-30 19:19:13,011 DEBUG   SenderThread:185169 [sender.py:send():235] send: stats
2022-04-30 19:19:17,182 DEBUG   HandlerThread:185169 [handler.py:handle_request():131] handle_request: stop_status
2022-04-30 19:19:17,182 DEBUG   SenderThread:185169 [sender.py:send_request():249] send_request: stop_status
2022-04-30 19:19:32,390 DEBUG   HandlerThread:185169 [handler.py:handle_request():131] handle_request: stop_status
2022-04-30 19:19:32,390 DEBUG   SenderThread:185169 [sender.py:send_request():249] send_request: stop_status
2022-04-30 19:19:43,059 DEBUG   SenderThread:185169 [sender.py:send():235] send: stats
2022-04-30 19:19:47,603 DEBUG   HandlerThread:185169 [handler.py:handle_request():131] handle_request: stop_status
2022-04-30 19:19:47,603 DEBUG   SenderThread:185169 [sender.py:send_request():249] send_request: stop_status
2022-04-30 19:20:02,805 DEBUG   HandlerThread:185169 [handler.py:handle_request():131] handle_request: stop_status
2022-04-30 19:20:02,806 DEBUG   SenderThread:185169 [sender.py:send_request():249] send_request: stop_status
2022-04-30 19:20:13,107 DEBUG   SenderThread:185169 [sender.py:send():235] send: stats
2022-04-30 19:20:18,016 DEBUG   HandlerThread:185169 [handler.py:handle_request():131] handle_request: stop_status
2022-04-30 19:20:18,016 DEBUG   SenderThread:185169 [sender.py:send_request():249] send_request: stop_status
2022-04-30 19:20:33,211 DEBUG   HandlerThread:185169 [handler.py:handle_request():131] handle_request: stop_status
2022-04-30 19:20:33,211 DEBUG   SenderThread:185169 [sender.py:send_request():249] send_request: stop_status
2022-04-30 19:20:43,156 DEBUG   SenderThread:185169 [sender.py:send():235] send: stats
2022-04-30 19:20:48,408 DEBUG   HandlerThread:185169 [handler.py:handle_request():131] handle_request: stop_status
2022-04-30 19:20:48,408 DEBUG   SenderThread:185169 [sender.py:send_request():249] send_request: stop_status
2022-04-30 19:21:03,614 DEBUG   HandlerThread:185169 [handler.py:handle_request():131] handle_request: stop_status
2022-04-30 19:21:03,614 DEBUG   SenderThread:185169 [sender.py:send_request():249] send_request: stop_status
2022-04-30 19:21:13,206 DEBUG   SenderThread:185169 [sender.py:send():235] send: stats
2022-04-30 19:21:18,848 DEBUG   HandlerThread:185169 [handler.py:handle_request():131] handle_request: stop_status
2022-04-30 19:21:18,848 DEBUG   SenderThread:185169 [sender.py:send_request():249] send_request: stop_status
2022-04-30 19:21:34,054 DEBUG   HandlerThread:185169 [handler.py:handle_request():131] handle_request: stop_status
2022-04-30 19:21:34,054 DEBUG   SenderThread:185169 [sender.py:send_request():249] send_request: stop_status
2022-04-30 19:21:43,254 DEBUG   SenderThread:185169 [sender.py:send():235] send: stats
2022-04-30 19:21:49,256 DEBUG   HandlerThread:185169 [handler.py:handle_request():131] handle_request: stop_status
2022-04-30 19:21:49,256 DEBUG   SenderThread:185169 [sender.py:send_request():249] send_request: stop_status
2022-04-30 19:22:04,453 DEBUG   HandlerThread:185169 [handler.py:handle_request():131] handle_request: stop_status
2022-04-30 19:22:04,454 DEBUG   SenderThread:185169 [sender.py:send_request():249] send_request: stop_status
2022-04-30 19:22:13,304 DEBUG   SenderThread:185169 [sender.py:send():235] send: stats
2022-04-30 19:22:19,659 DEBUG   HandlerThread:185169 [handler.py:handle_request():131] handle_request: stop_status
2022-04-30 19:22:19,659 DEBUG   SenderThread:185169 [sender.py:send_request():249] send_request: stop_status
2022-04-30 19:22:34,853 DEBUG   HandlerThread:185169 [handler.py:handle_request():131] handle_request: stop_status
2022-04-30 19:22:34,853 DEBUG   SenderThread:185169 [sender.py:send_request():249] send_request: stop_status
2022-04-30 19:22:43,357 DEBUG   SenderThread:185169 [sender.py:send():235] send: stats
2022-04-30 19:22:50,057 DEBUG   HandlerThread:185169 [handler.py:handle_request():131] handle_request: stop_status
2022-04-30 19:22:50,058 DEBUG   SenderThread:185169 [sender.py:send_request():249] send_request: stop_status
2022-04-30 19:23:05,256 DEBUG   HandlerThread:185169 [handler.py:handle_request():131] handle_request: stop_status
2022-04-30 19:23:05,257 DEBUG   SenderThread:185169 [sender.py:send_request():249] send_request: stop_status
2022-04-30 19:23:13,407 DEBUG   SenderThread:185169 [sender.py:send():235] send: stats
2022-04-30 19:23:20,565 DEBUG   HandlerThread:185169 [handler.py:handle_request():131] handle_request: stop_status
2022-04-30 19:23:20,565 DEBUG   SenderThread:185169 [sender.py:send_request():249] send_request: stop_status
2022-04-30 19:23:35,845 DEBUG   HandlerThread:185169 [handler.py:handle_request():131] handle_request: stop_status
2022-04-30 19:23:35,845 DEBUG   SenderThread:185169 [sender.py:send_request():249] send_request: stop_status
2022-04-30 19:23:43,458 DEBUG   SenderThread:185169 [sender.py:send():235] send: stats
2022-04-30 19:23:51,042 DEBUG   HandlerThread:185169 [handler.py:handle_request():131] handle_request: stop_status
2022-04-30 19:23:51,043 DEBUG   SenderThread:185169 [sender.py:send_request():249] send_request: stop_status
2022-04-30 19:24:06,241 DEBUG   HandlerThread:185169 [handler.py:handle_request():131] handle_request: stop_status
2022-04-30 19:24:06,241 DEBUG   SenderThread:185169 [sender.py:send_request():249] send_request: stop_status
2022-04-30 19:24:13,508 DEBUG   SenderThread:185169 [sender.py:send():235] send: stats
2022-04-30 19:24:21,447 DEBUG   HandlerThread:185169 [handler.py:handle_request():131] handle_request: stop_status
2022-04-30 19:24:21,447 DEBUG   SenderThread:185169 [sender.py:send_request():249] send_request: stop_status
2022-04-30 19:24:41,447 DEBUG   HandlerThread:185169 [handler.py:handle_request():131] handle_request: stop_status
2022-04-30 19:24:55,106 ERROR   SenderThread:185169 [retry.py:__call__():126] Retry attempt failed:
Traceback (most recent call last):
  File "/home/soroosh/anaconda3/lib/python3.9/site-packages/urllib3/connectionpool.py", line 445, in _make_request
    six.raise_from(e, None)
  File "<string>", line 3, in raise_from
  File "/home/soroosh/anaconda3/lib/python3.9/site-packages/urllib3/connectionpool.py", line 440, in _make_request
    httplib_response = conn.getresponse()
  File "/home/soroosh/anaconda3/lib/python3.9/http/client.py", line 1371, in getresponse
    response.begin()
  File "/home/soroosh/anaconda3/lib/python3.9/http/client.py", line 319, in begin
    version, status, reason = self._read_status()
  File "/home/soroosh/anaconda3/lib/python3.9/http/client.py", line 280, in _read_status
    line = str(self.fp.readline(_MAXLINE + 1), "iso-8859-1")
  File "/home/soroosh/anaconda3/lib/python3.9/socket.py", line 704, in readinto
    return self._sock.recv_into(b)
  File "/home/soroosh/anaconda3/lib/python3.9/ssl.py", line 1241, in recv_into
    return self.read(nbytes, buffer)
  File "/home/soroosh/anaconda3/lib/python3.9/ssl.py", line 1099, in read
    return self._sslobj.read(len, buffer)
socket.timeout: The read operation timed out

During handling of the above exception, another exception occurred:

Traceback (most recent call last):
  File "/home/soroosh/anaconda3/lib/python3.9/site-packages/requests/adapters.py", line 439, in send
    resp = conn.urlopen(
  File "/home/soroosh/anaconda3/lib/python3.9/site-packages/urllib3/connectionpool.py", line 755, in urlopen
    retries = retries.increment(
  File "/home/soroosh/anaconda3/lib/python3.9/site-packages/urllib3/util/retry.py", line 532, in increment
    raise six.reraise(type(error), error, _stacktrace)
  File "/home/soroosh/anaconda3/lib/python3.9/site-packages/urllib3/packages/six.py", line 770, in reraise
    raise value
  File "/home/soroosh/anaconda3/lib/python3.9/site-packages/urllib3/connectionpool.py", line 699, in urlopen
    httplib_response = self._make_request(
  File "/home/soroosh/anaconda3/lib/python3.9/site-packages/urllib3/connectionpool.py", line 447, in _make_request
    self._raise_timeout(err=e, url=url, timeout_value=read_timeout)
  File "/home/soroosh/anaconda3/lib/python3.9/site-packages/urllib3/connectionpool.py", line 336, in _raise_timeout
    raise ReadTimeoutError(
urllib3.exceptions.ReadTimeoutError: HTTPSConnectionPool(host='api.wandb.ai', port=443): Read timed out. (read timeout=10)

During handling of the above exception, another exception occurred:

Traceback (most recent call last):
  File "/home/soroosh/venv_Jan2022/lib/python3.9/site-packages/wandb/sdk/lib/retry.py", line 102, in __call__
    result = self._call_fn(*args, **kwargs)
  File "/home/soroosh/venv_Jan2022/lib/python3.9/site-packages/wandb/sdk/internal/internal_api.py", line 140, in execute
    return self.client.execute(*args, **kwargs)
  File "/home/soroosh/venv_Jan2022/lib/python3.9/site-packages/wandb/vendor/gql-0.2.0/gql/client.py", line 52, in execute
    result = self._get_result(document, *args, **kwargs)
  File "/home/soroosh/venv_Jan2022/lib/python3.9/site-packages/wandb/vendor/gql-0.2.0/gql/client.py", line 60, in _get_result
    return self.transport.execute(document, *args, **kwargs)
  File "/home/soroosh/venv_Jan2022/lib/python3.9/site-packages/wandb/vendor/gql-0.2.0/gql/transport/requests.py", line 38, in execute
    request = requests.post(self.url, **post_args)
  File "/home/soroosh/anaconda3/lib/python3.9/site-packages/requests/api.py", line 117, in post
    return request('post', url, data=data, json=json, **kwargs)
  File "/home/soroosh/anaconda3/lib/python3.9/site-packages/requests/api.py", line 61, in request
    return session.request(method=method, url=url, **kwargs)
  File "/home/soroosh/anaconda3/lib/python3.9/site-packages/requests/sessions.py", line 542, in request
    resp = self.send(prep, **send_kwargs)
  File "/home/soroosh/anaconda3/lib/python3.9/site-packages/requests/sessions.py", line 655, in send
    r = adapter.send(request, **kwargs)
  File "/home/soroosh/anaconda3/lib/python3.9/site-packages/requests/adapters.py", line 529, in send
    raise ReadTimeout(e, request=request)
requests.exceptions.ReadTimeout: HTTPSConnectionPool(host='api.wandb.ai', port=443): Read timed out. (read timeout=10)
2022-04-30 19:25:01,448 DEBUG   HandlerThread:185169 [handler.py:handle_request():131] handle_request: stop_status
2022-04-30 19:25:21,448 DEBUG   HandlerThread:185169 [handler.py:handle_request():131] handle_request: stop_status
2022-04-30 19:25:41,448 DEBUG   HandlerThread:185169 [handler.py:handle_request():131] handle_request: stop_status
2022-04-30 19:25:51,715 DEBUG   SenderThread:185169 [sender.py:send_request():249] send_request: stop_status
2022-04-30 19:25:52,323 DEBUG   SenderThread:185169 [sender.py:send():235] send: stats
2022-04-30 19:25:52,324 DEBUG   SenderThread:185169 [sender.py:send_request():249] send_request: stop_status
2022-04-30 19:25:53,148 DEBUG   SenderThread:185169 [sender.py:send():235] send: stats
2022-04-30 19:25:53,148 DEBUG   SenderThread:185169 [sender.py:send_request():249] send_request: stop_status
2022-04-30 19:25:56,965 DEBUG   SenderThread:185169 [sender.py:send_request():249] send_request: stop_status
2022-04-30 19:25:57,548 DEBUG   SenderThread:185169 [sender.py:send():235] send: stats
2022-04-30 19:26:01,449 DEBUG   HandlerThread:185169 [handler.py:handle_request():131] handle_request: stop_status
2022-04-30 19:26:01,449 DEBUG   SenderThread:185169 [sender.py:send_request():249] send_request: stop_status
2022-04-30 19:26:13,705 DEBUG   SenderThread:185169 [sender.py:send():235] send: stats
2022-04-30 19:26:16,927 DEBUG   HandlerThread:185169 [handler.py:handle_request():131] handle_request: stop_status
2022-04-30 19:26:16,927 DEBUG   SenderThread:185169 [sender.py:send_request():249] send_request: stop_status
2022-04-30 19:26:32,498 DEBUG   HandlerThread:185169 [handler.py:handle_request():131] handle_request: stop_status
2022-04-30 19:26:32,499 DEBUG   SenderThread:185169 [sender.py:send_request():249] send_request: stop_status
2022-04-30 19:26:43,755 DEBUG   SenderThread:185169 [sender.py:send():235] send: stats
2022-04-30 19:26:47,715 DEBUG   HandlerThread:185169 [handler.py:handle_request():131] handle_request: stop_status
2022-04-30 19:26:47,716 DEBUG   SenderThread:185169 [sender.py:send_request():249] send_request: stop_status
2022-04-30 19:27:02,932 DEBUG   HandlerThread:185169 [handler.py:handle_request():131] handle_request: stop_status
2022-04-30 19:27:02,932 DEBUG   SenderThread:185169 [sender.py:send_request():249] send_request: stop_status
2022-04-30 19:27:13,805 DEBUG   SenderThread:185169 [sender.py:send():235] send: stats
2022-04-30 19:27:18,145 DEBUG   HandlerThread:185169 [handler.py:handle_request():131] handle_request: stop_status
2022-04-30 19:27:18,145 DEBUG   SenderThread:185169 [sender.py:send_request():249] send_request: stop_status
2022-04-30 19:27:33,367 DEBUG   HandlerThread:185169 [handler.py:handle_request():131] handle_request: stop_status
2022-04-30 19:27:33,367 DEBUG   SenderThread:185169 [sender.py:send_request():249] send_request: stop_status
2022-04-30 19:27:43,857 DEBUG   SenderThread:185169 [sender.py:send():235] send: stats
2022-04-30 19:27:48,577 DEBUG   HandlerThread:185169 [handler.py:handle_request():131] handle_request: stop_status
2022-04-30 19:27:48,578 DEBUG   SenderThread:185169 [sender.py:send_request():249] send_request: stop_status
2022-04-30 19:28:03,777 DEBUG   HandlerThread:185169 [handler.py:handle_request():131] handle_request: stop_status
2022-04-30 19:28:03,777 DEBUG   SenderThread:185169 [sender.py:send_request():249] send_request: stop_status
2022-04-30 19:28:13,912 DEBUG   SenderThread:185169 [sender.py:send():235] send: stats
2022-04-30 19:28:19,001 DEBUG   HandlerThread:185169 [handler.py:handle_request():131] handle_request: stop_status
2022-04-30 19:28:19,001 DEBUG   SenderThread:185169 [sender.py:send_request():249] send_request: stop_status
2022-04-30 19:28:34,198 DEBUG   HandlerThread:185169 [handler.py:handle_request():131] handle_request: stop_status
2022-04-30 19:28:34,198 DEBUG   SenderThread:185169 [sender.py:send_request():249] send_request: stop_status
2022-04-30 19:28:43,961 DEBUG   SenderThread:185169 [sender.py:send():235] send: stats
2022-04-30 19:28:49,419 DEBUG   HandlerThread:185169 [handler.py:handle_request():131] handle_request: stop_status
2022-04-30 19:28:49,420 DEBUG   SenderThread:185169 [sender.py:send_request():249] send_request: stop_status
2022-04-30 19:29:04,624 DEBUG   HandlerThread:185169 [handler.py:handle_request():131] handle_request: stop_status
2022-04-30 19:29:04,625 DEBUG   SenderThread:185169 [sender.py:send_request():249] send_request: stop_status
2022-04-30 19:29:14,009 DEBUG   SenderThread:185169 [sender.py:send():235] send: stats
2022-04-30 19:29:19,828 DEBUG   HandlerThread:185169 [handler.py:handle_request():131] handle_request: stop_status
2022-04-30 19:29:19,828 DEBUG   SenderThread:185169 [sender.py:send_request():249] send_request: stop_status
2022-04-30 19:29:35,046 DEBUG   HandlerThread:185169 [handler.py:handle_request():131] handle_request: stop_status
2022-04-30 19:29:35,046 DEBUG   SenderThread:185169 [sender.py:send_request():249] send_request: stop_status
2022-04-30 19:29:44,055 DEBUG   SenderThread:185169 [sender.py:send():235] send: stats
2022-04-30 19:29:51,385 DEBUG   HandlerThread:185169 [handler.py:handle_request():131] handle_request: stop_status
2022-04-30 19:29:51,385 DEBUG   SenderThread:185169 [sender.py:send_request():249] send_request: stop_status
2022-04-30 19:30:06,582 DEBUG   HandlerThread:185169 [handler.py:handle_request():131] handle_request: stop_status
2022-04-30 19:30:06,582 DEBUG   SenderThread:185169 [sender.py:send_request():249] send_request: stop_status
2022-04-30 19:30:14,106 DEBUG   SenderThread:185169 [sender.py:send():235] send: stats
2022-04-30 19:30:21,799 DEBUG   HandlerThread:185169 [handler.py:handle_request():131] handle_request: stop_status
2022-04-30 19:30:21,799 DEBUG   SenderThread:185169 [sender.py:send_request():249] send_request: stop_status
2022-04-30 19:30:37,001 DEBUG   HandlerThread:185169 [handler.py:handle_request():131] handle_request: stop_status
2022-04-30 19:30:37,001 DEBUG   SenderThread:185169 [sender.py:send_request():249] send_request: stop_status
2022-04-30 19:30:44,154 DEBUG   SenderThread:185169 [sender.py:send():235] send: stats
2022-04-30 19:30:52,301 DEBUG   HandlerThread:185169 [handler.py:handle_request():131] handle_request: stop_status
2022-04-30 19:30:52,301 DEBUG   SenderThread:185169 [sender.py:send_request():249] send_request: stop_status
2022-04-30 19:31:07,500 DEBUG   HandlerThread:185169 [handler.py:handle_request():131] handle_request: stop_status
2022-04-30 19:31:07,501 DEBUG   SenderThread:185169 [sender.py:send_request():249] send_request: stop_status
2022-04-30 19:31:14,207 DEBUG   SenderThread:185169 [sender.py:send():235] send: stats
2022-04-30 19:31:22,753 DEBUG   HandlerThread:185169 [handler.py:handle_request():131] handle_request: stop_status
2022-04-30 19:31:22,754 DEBUG   SenderThread:185169 [sender.py:send_request():249] send_request: stop_status
2022-04-30 19:31:37,955 DEBUG   HandlerThread:185169 [handler.py:handle_request():131] handle_request: stop_status
2022-04-30 19:31:37,956 DEBUG   SenderThread:185169 [sender.py:send_request():249] send_request: stop_status
2022-04-30 19:31:44,258 DEBUG   SenderThread:185169 [sender.py:send():235] send: stats
2022-04-30 19:31:53,162 DEBUG   HandlerThread:185169 [handler.py:handle_request():131] handle_request: stop_status
2022-04-30 19:31:53,163 DEBUG   SenderThread:185169 [sender.py:send_request():249] send_request: stop_status
2022-04-30 19:32:08,353 DEBUG   HandlerThread:185169 [handler.py:handle_request():131] handle_request: stop_status
2022-04-30 19:32:08,353 DEBUG   SenderThread:185169 [sender.py:send_request():249] send_request: stop_status
2022-04-30 19:32:14,301 DEBUG   SenderThread:185169 [sender.py:send():235] send: stats
2022-04-30 19:32:23,557 DEBUG   HandlerThread:185169 [handler.py:handle_request():131] handle_request: stop_status
2022-04-30 19:32:23,557 DEBUG   SenderThread:185169 [sender.py:send_request():249] send_request: stop_status
2022-04-30 19:32:38,776 DEBUG   HandlerThread:185169 [handler.py:handle_request():131] handle_request: stop_status
2022-04-30 19:32:38,776 DEBUG   SenderThread:185169 [sender.py:send_request():249] send_request: stop_status
2022-04-30 19:32:44,394 DEBUG   SenderThread:185169 [sender.py:send():235] send: stats
2022-04-30 19:32:53,970 DEBUG   HandlerThread:185169 [handler.py:handle_request():131] handle_request: stop_status
2022-04-30 19:32:53,971 DEBUG   SenderThread:185169 [sender.py:send_request():249] send_request: stop_status
2022-04-30 19:33:09,169 DEBUG   HandlerThread:185169 [handler.py:handle_request():131] handle_request: stop_status
2022-04-30 19:33:09,170 DEBUG   SenderThread:185169 [sender.py:send_request():249] send_request: stop_status
2022-04-30 19:33:14,446 DEBUG   SenderThread:185169 [sender.py:send():235] send: stats
2022-04-30 19:33:24,380 DEBUG   HandlerThread:185169 [handler.py:handle_request():131] handle_request: stop_status
2022-04-30 19:33:24,380 DEBUG   SenderThread:185169 [sender.py:send_request():249] send_request: stop_status
2022-04-30 19:33:25,711 DEBUG   SenderThread:185169 [sender.py:send():235] send: history
2022-04-30 19:33:25,711 DEBUG   SenderThread:185169 [sender.py:send():235] send: summary
2022-04-30 19:33:25,711 INFO    SenderThread:185169 [sender.py:_save_file():944] saving file wandb-summary.json with policy end
2022-04-30 19:33:26,284 INFO    Thread-8  :185169 [dir_watcher.py:_on_file_modified():230] file/dir modified: /home/soroosh/Programmes/DD/DD_package/wandb/run-20220430_185909-140idbdb/files/wandb-summary.json
2022-04-30 19:33:27,940 DEBUG   HandlerThread:185169 [handler.py:handle_request():131] handle_request: poll_exit
2022-04-30 19:33:27,941 DEBUG   SenderThread:185169 [sender.py:send():235] send: telemetry
2022-04-30 19:33:27,941 DEBUG   SenderThread:185169 [sender.py:send():235] send: exit
2022-04-30 19:33:27,941 INFO    SenderThread:185169 [sender.py:send_exit():371] handling exit code: 0
2022-04-30 19:33:27,941 INFO    SenderThread:185169 [sender.py:send_exit():373] handling runtime: 2056
2022-04-30 19:33:27,941 INFO    SenderThread:185169 [sender.py:_save_file():944] saving file wandb-summary.json with policy end
2022-04-30 19:33:27,941 INFO    SenderThread:185169 [sender.py:send_exit():379] send defer
2022-04-30 19:33:27,941 DEBUG   SenderThread:185169 [sender.py:send_request():249] send_request: poll_exit
2022-04-30 19:33:27,942 DEBUG   HandlerThread:185169 [handler.py:handle_request():131] handle_request: defer
2022-04-30 19:33:27,942 INFO    HandlerThread:185169 [handler.py:handle_request_defer():154] handle defer: 0
2022-04-30 19:33:27,942 DEBUG   SenderThread:185169 [sender.py:send_request():249] send_request: defer
2022-04-30 19:33:27,942 INFO    SenderThread:185169 [sender.py:send_request_defer():388] handle sender defer: 0
2022-04-30 19:33:27,942 INFO    SenderThread:185169 [sender.py:transition_state():392] send defer: 1
2022-04-30 19:33:27,942 DEBUG   HandlerThread:185169 [handler.py:handle_request():131] handle_request: defer
2022-04-30 19:33:27,942 INFO    HandlerThread:185169 [handler.py:handle_request_defer():154] handle defer: 1
2022-04-30 19:33:27,974 DEBUG   SenderThread:185169 [sender.py:send_request():249] send_request: defer
2022-04-30 19:33:27,974 INFO    SenderThread:185169 [sender.py:send_request_defer():388] handle sender defer: 1
2022-04-30 19:33:27,974 INFO    SenderThread:185169 [sender.py:transition_state():392] send defer: 2
2022-04-30 19:33:27,974 DEBUG   SenderThread:185169 [sender.py:send():235] send: stats
2022-04-30 19:33:27,974 DEBUG   HandlerThread:185169 [handler.py:handle_request():131] handle_request: defer
2022-04-30 19:33:27,974 INFO    HandlerThread:185169 [handler.py:handle_request_defer():154] handle defer: 2
2022-04-30 19:33:27,974 DEBUG   SenderThread:185169 [sender.py:send_request():249] send_request: defer
2022-04-30 19:33:27,974 INFO    SenderThread:185169 [sender.py:send_request_defer():388] handle sender defer: 2
2022-04-30 19:33:27,974 INFO    SenderThread:185169 [sender.py:transition_state():392] send defer: 3
2022-04-30 19:33:27,974 DEBUG   HandlerThread:185169 [handler.py:handle_request():131] handle_request: defer
2022-04-30 19:33:27,974 INFO    HandlerThread:185169 [handler.py:handle_request_defer():154] handle defer: 3
2022-04-30 19:33:27,974 DEBUG   SenderThread:185169 [sender.py:send():235] send: summary
2022-04-30 19:33:27,975 INFO    SenderThread:185169 [sender.py:_save_file():944] saving file wandb-summary.json with policy end
2022-04-30 19:33:27,975 DEBUG   SenderThread:185169 [sender.py:send_request():249] send_request: defer
2022-04-30 19:33:27,975 INFO    SenderThread:185169 [sender.py:send_request_defer():388] handle sender defer: 3
2022-04-30 19:33:27,975 INFO    SenderThread:185169 [sender.py:transition_state():392] send defer: 4
2022-04-30 19:33:27,975 DEBUG   HandlerThread:185169 [handler.py:handle_request():131] handle_request: defer
2022-04-30 19:33:27,975 INFO    HandlerThread:185169 [handler.py:handle_request_defer():154] handle defer: 4
2022-04-30 19:33:27,975 DEBUG   SenderThread:185169 [sender.py:send_request():249] send_request: defer
2022-04-30 19:33:27,975 INFO    SenderThread:185169 [sender.py:send_request_defer():388] handle sender defer: 4
2022-04-30 19:33:28,042 DEBUG   HandlerThread:185169 [handler.py:handle_request():131] handle_request: poll_exit
2022-04-30 19:33:28,210 INFO    SenderThread:185169 [sender.py:transition_state():392] send defer: 5
2022-04-30 19:33:28,210 DEBUG   SenderThread:185169 [sender.py:send_request():249] send_request: poll_exit
2022-04-30 19:33:28,210 DEBUG   HandlerThread:185169 [handler.py:handle_request():131] handle_request: defer
2022-04-30 19:33:28,210 INFO    HandlerThread:185169 [handler.py:handle_request_defer():154] handle defer: 5
2022-04-30 19:33:28,210 DEBUG   SenderThread:185169 [sender.py:send_request():249] send_request: defer
2022-04-30 19:33:28,210 INFO    SenderThread:185169 [sender.py:send_request_defer():388] handle sender defer: 5
2022-04-30 19:33:28,210 INFO    SenderThread:185169 [dir_watcher.py:finish():283] shutting down directory watcher
2022-04-30 19:33:28,285 INFO    SenderThread:185169 [dir_watcher.py:_on_file_modified():230] file/dir modified: /home/soroosh/Programmes/DD/DD_package/wandb/run-20220430_185909-140idbdb/files/wandb-summary.json
2022-04-30 19:33:28,285 INFO    SenderThread:185169 [dir_watcher.py:_on_file_modified():230] file/dir modified: /home/soroosh/Programmes/DD/DD_package/wandb/run-20220430_185909-140idbdb/files/config.yaml
2022-04-30 19:33:28,285 INFO    SenderThread:185169 [dir_watcher.py:finish():313] scan: /home/soroosh/Programmes/DD/DD_package/wandb/run-20220430_185909-140idbdb/files
2022-04-30 19:33:28,285 INFO    SenderThread:185169 [dir_watcher.py:finish():327] scan save: /home/soroosh/Programmes/DD/DD_package/wandb/run-20220430_185909-140idbdb/files/wandb-summary.json wandb-summary.json
2022-04-30 19:33:28,285 INFO    SenderThread:185169 [dir_watcher.py:finish():327] scan save: /home/soroosh/Programmes/DD/DD_package/wandb/run-20220430_185909-140idbdb/files/wandb-metadata.json wandb-metadata.json
2022-04-30 19:33:28,285 INFO    SenderThread:185169 [dir_watcher.py:finish():327] scan save: /home/soroosh/Programmes/DD/DD_package/wandb/run-20220430_185909-140idbdb/files/output.log output.log
2022-04-30 19:33:28,286 INFO    SenderThread:185169 [dir_watcher.py:finish():327] scan save: /home/soroosh/Programmes/DD/DD_package/wandb/run-20220430_185909-140idbdb/files/requirements.txt requirements.txt
2022-04-30 19:33:28,288 INFO    SenderThread:185169 [dir_watcher.py:finish():327] scan save: /home/soroosh/Programmes/DD/DD_package/wandb/run-20220430_185909-140idbdb/files/config.yaml config.yaml
2022-04-30 19:33:28,288 INFO    SenderThread:185169 [dir_watcher.py:finish():327] scan save: /home/soroosh/Programmes/DD/DD_package/wandb/run-20220430_185909-140idbdb/files/diff.patch diff.patch
2022-04-30 19:33:28,292 INFO    SenderThread:185169 [dir_watcher.py:finish():327] scan save: /home/soroosh/Programmes/DD/DD_package/wandb/run-20220430_185909-140idbdb/files/code/DD_package/main.py code/DD_package/main.py
2022-04-30 19:33:28,292 INFO    SenderThread:185169 [sender.py:transition_state():392] send defer: 6
2022-04-30 19:33:28,292 DEBUG   HandlerThread:185169 [handler.py:handle_request():131] handle_request: defer
2022-04-30 19:33:28,292 INFO    HandlerThread:185169 [handler.py:handle_request_defer():154] handle defer: 6
2022-04-30 19:33:28,292 DEBUG   SenderThread:185169 [sender.py:send_request():249] send_request: defer
2022-04-30 19:33:28,292 INFO    SenderThread:185169 [sender.py:send_request_defer():388] handle sender defer: 6
2022-04-30 19:33:28,292 INFO    SenderThread:185169 [file_pusher.py:finish():177] shutting down file pusher
2022-04-30 19:33:28,311 DEBUG   HandlerThread:185169 [handler.py:handle_request():131] handle_request: poll_exit
2022-04-30 19:33:28,311 DEBUG   SenderThread:185169 [sender.py:send_request():249] send_request: poll_exit
2022-04-30 19:33:28,411 DEBUG   HandlerThread:185169 [handler.py:handle_request():131] handle_request: poll_exit
2022-04-30 19:33:28,411 DEBUG   SenderThread:185169 [sender.py:send_request():249] send_request: poll_exit
2022-04-30 19:33:28,512 DEBUG   HandlerThread:185169 [handler.py:handle_request():131] handle_request: poll_exit
2022-04-30 19:33:28,512 DEBUG   SenderThread:185169 [sender.py:send_request():249] send_request: poll_exit
2022-04-30 19:33:28,613 DEBUG   HandlerThread:185169 [handler.py:handle_request():131] handle_request: poll_exit
2022-04-30 19:33:28,613 DEBUG   SenderThread:185169 [sender.py:send_request():249] send_request: poll_exit
2022-04-30 19:33:28,713 DEBUG   HandlerThread:185169 [handler.py:handle_request():131] handle_request: poll_exit
2022-04-30 19:33:28,713 DEBUG   SenderThread:185169 [sender.py:send_request():249] send_request: poll_exit
2022-04-30 19:33:28,814 DEBUG   HandlerThread:185169 [handler.py:handle_request():131] handle_request: poll_exit
2022-04-30 19:33:28,814 DEBUG   SenderThread:185169 [sender.py:send_request():249] send_request: poll_exit
2022-04-30 19:33:28,915 DEBUG   HandlerThread:185169 [handler.py:handle_request():131] handle_request: poll_exit
2022-04-30 19:33:28,915 DEBUG   SenderThread:185169 [sender.py:send_request():249] send_request: poll_exit
2022-04-30 19:33:28,929 INFO    Thread-15 :185169 [upload_job.py:push():137] Uploaded file /home/soroosh/Programmes/DD/DD_package/wandb/run-20220430_185909-140idbdb/files/requirements.txt
2022-04-30 19:33:28,940 INFO    Thread-16 :185169 [upload_job.py:push():137] Uploaded file /home/soroosh/Programmes/DD/DD_package/wandb/run-20220430_185909-140idbdb/files/config.yaml
2022-04-30 19:33:28,941 INFO    Thread-14 :185169 [upload_job.py:push():137] Uploaded file /home/soroosh/Programmes/DD/DD_package/wandb/run-20220430_185909-140idbdb/files/wandb-summary.json
2022-04-30 19:33:29,015 DEBUG   HandlerThread:185169 [handler.py:handle_request():131] handle_request: poll_exit
2022-04-30 19:33:29,015 DEBUG   SenderThread:185169 [sender.py:send_request():249] send_request: poll_exit
2022-04-30 19:33:29,116 DEBUG   HandlerThread:185169 [handler.py:handle_request():131] handle_request: poll_exit
2022-04-30 19:33:29,116 DEBUG   SenderThread:185169 [sender.py:send_request():249] send_request: poll_exit
2022-04-30 19:33:29,141 INFO    Thread-7  :185169 [sender.py:transition_state():392] send defer: 7
2022-04-30 19:33:29,142 DEBUG   HandlerThread:185169 [handler.py:handle_request():131] handle_request: defer
2022-04-30 19:33:29,142 INFO    HandlerThread:185169 [handler.py:handle_request_defer():154] handle defer: 7
2022-04-30 19:33:29,142 DEBUG   SenderThread:185169 [sender.py:send_request():249] send_request: defer
2022-04-30 19:33:29,142 INFO    SenderThread:185169 [sender.py:send_request_defer():388] handle sender defer: 7
2022-04-30 19:33:29,216 DEBUG   HandlerThread:185169 [handler.py:handle_request():131] handle_request: poll_exit
2022-04-30 19:33:29,741 INFO    SenderThread:185169 [sender.py:transition_state():392] send defer: 8
2022-04-30 19:33:29,742 DEBUG   SenderThread:185169 [sender.py:send_request():249] send_request: poll_exit
2022-04-30 19:33:29,742 DEBUG   HandlerThread:185169 [handler.py:handle_request():131] handle_request: defer
2022-04-30 19:33:29,742 INFO    HandlerThread:185169 [handler.py:handle_request_defer():154] handle defer: 8
2022-04-30 19:33:29,742 DEBUG   SenderThread:185169 [sender.py:send_request():249] send_request: defer
2022-04-30 19:33:29,742 INFO    SenderThread:185169 [sender.py:send_request_defer():388] handle sender defer: 8
2022-04-30 19:33:29,742 INFO    SenderThread:185169 [sender.py:transition_state():392] send defer: 9
2022-04-30 19:33:29,742 DEBUG   HandlerThread:185169 [handler.py:handle_request():131] handle_request: defer
2022-04-30 19:33:29,743 DEBUG   SenderThread:185169 [sender.py:send():235] send: final
2022-04-30 19:33:29,743 INFO    HandlerThread:185169 [handler.py:handle_request_defer():154] handle defer: 9
2022-04-30 19:33:29,743 DEBUG   SenderThread:185169 [sender.py:send():235] send: footer
2022-04-30 19:33:29,743 DEBUG   SenderThread:185169 [sender.py:send_request():249] send_request: defer
2022-04-30 19:33:29,743 INFO    SenderThread:185169 [sender.py:send_request_defer():388] handle sender defer: 9
2022-04-30 19:33:29,843 DEBUG   HandlerThread:185169 [handler.py:handle_request():131] handle_request: poll_exit
2022-04-30 19:33:29,843 DEBUG   SenderThread:185169 [sender.py:send_request():249] send_request: poll_exit
2022-04-30 19:33:29,843 INFO    SenderThread:185169 [file_pusher.py:join():182] waiting for file pusher
2022-04-30 19:33:30,226 DEBUG   HandlerThread:185169 [handler.py:handle_request():131] handle_request: get_summary
2022-04-30 19:33:30,227 DEBUG   HandlerThread:185169 [handler.py:handle_request():131] handle_request: sampled_history
2022-04-30 19:33:30,227 DEBUG   HandlerThread:185169 [handler.py:handle_request():131] handle_request: shutdown
2022-04-30 19:33:30,227 INFO    HandlerThread:185169 [handler.py:finish():739] shutting down handler
2022-04-30 19:33:30,743 INFO    WriterThread:185169 [datastore.py:close():281] close: /home/soroosh/Programmes/DD/DD_package/wandb/run-20220430_185909-140idbdb/run-140idbdb.wandb
2022-04-30 19:33:31,226 INFO    SenderThread:185169 [sender.py:finish():1075] shutting down sender
2022-04-30 19:33:31,226 INFO    SenderThread:185169 [file_pusher.py:finish():177] shutting down file pusher
2022-04-30 19:33:31,226 INFO    SenderThread:185169 [file_pusher.py:join():182] waiting for file pusher
2022-04-30 19:33:31,228 INFO    MainThread:185169 [internal.py:handle_exit():79] Internal process exited
