2022-02-21 13:16:00,309 INFO    MainThread:155973 [internal.py:wandb_internal():89] W&B internal server running at pid: 155973, started at: 2022-02-21 13:16:00.309563
2022-02-21 13:16:00,311 DEBUG   HandlerThread:155973 [handler.py:handle_request():131] handle_request: check_version
2022-02-21 13:16:00,311 INFO    WriterThread:155973 [datastore.py:open_for_write():77] open: /home/soroosh/Programmes/DD/DD_package/wandb/run-20220221_131559-2yfjkljl/run-2yfjkljl.wandb
2022-02-21 13:16:00,312 DEBUG   SenderThread:155973 [sender.py:send():235] send: header
2022-02-21 13:16:00,312 DEBUG   SenderThread:155973 [sender.py:send_request():249] send_request: check_version
2022-02-21 13:16:00,471 DEBUG   SenderThread:155973 [sender.py:send():235] send: run
2022-02-21 13:16:00,714 INFO    SenderThread:155973 [dir_watcher.py:__init__():169] watching files in: /home/soroosh/Programmes/DD/DD_package/wandb/run-20220221_131559-2yfjkljl/files
2022-02-21 13:16:00,714 INFO    SenderThread:155973 [sender.py:_start_run_threads():809] run started: 2yfjkljl with start time 1645438559
2022-02-21 13:16:00,714 DEBUG   SenderThread:155973 [sender.py:send():235] send: summary
2022-02-21 13:16:00,714 INFO    SenderThread:155973 [sender.py:_save_file():944] saving file wandb-summary.json with policy end
2022-02-21 13:16:00,715 DEBUG   HandlerThread:155973 [handler.py:handle_request():131] handle_request: run_start
2022-02-21 13:16:01,715 INFO    Thread-8  :155973 [dir_watcher.py:_on_file_created():217] file/dir created: /home/soroosh/Programmes/DD/DD_package/wandb/run-20220221_131559-2yfjkljl/files/wandb-summary.json
2022-02-21 13:16:02,028 DEBUG   HandlerThread:155973 [meta.py:__init__():36] meta init
2022-02-21 13:16:02,028 DEBUG   HandlerThread:155973 [meta.py:__init__():50] meta init done
2022-02-21 13:16:02,028 DEBUG   HandlerThread:155973 [meta.py:probe():210] probe
2022-02-21 13:16:02,029 DEBUG   HandlerThread:155973 [meta.py:_setup_git():200] setup git
2022-02-21 13:16:02,048 DEBUG   HandlerThread:155973 [meta.py:_setup_git():207] setup git done
2022-02-21 13:16:02,049 DEBUG   HandlerThread:155973 [meta.py:_save_code():88] save code
2022-02-21 13:16:02,058 DEBUG   HandlerThread:155973 [meta.py:_save_code():109] save code done
2022-02-21 13:16:02,058 DEBUG   HandlerThread:155973 [meta.py:_save_patches():126] save patches
2022-02-21 13:16:02,109 DEBUG   HandlerThread:155973 [meta.py:_save_patches():168] save patches done
2022-02-21 13:16:02,109 DEBUG   HandlerThread:155973 [meta.py:_save_pip():54] save pip
2022-02-21 13:16:02,110 DEBUG   HandlerThread:155973 [meta.py:_save_pip():68] save pip done
2022-02-21 13:16:02,110 DEBUG   HandlerThread:155973 [meta.py:probe():248] probe done
2022-02-21 13:16:02,112 DEBUG   SenderThread:155973 [sender.py:send():235] send: files
2022-02-21 13:16:02,112 INFO    SenderThread:155973 [sender.py:_save_file():944] saving file wandb-metadata.json with policy now
2022-02-21 13:16:02,112 INFO    SenderThread:155973 [sender.py:_save_file():944] saving file code/DD_package/main.py with policy now
2022-02-21 13:16:02,112 INFO    SenderThread:155973 [sender.py:_save_file():944] saving file diff.patch with policy now
2022-02-21 13:16:02,116 DEBUG   HandlerThread:155973 [handler.py:handle_request():131] handle_request: stop_status
2022-02-21 13:16:02,116 DEBUG   SenderThread:155973 [sender.py:send_request():249] send_request: stop_status
2022-02-21 13:16:02,714 INFO    Thread-8  :155973 [dir_watcher.py:_on_file_created():217] file/dir created: /home/soroosh/Programmes/DD/DD_package/wandb/run-20220221_131559-2yfjkljl/files/diff.patch
2022-02-21 13:16:02,716 INFO    Thread-8  :155973 [dir_watcher.py:_on_file_created():217] file/dir created: /home/soroosh/Programmes/DD/DD_package/wandb/run-20220221_131559-2yfjkljl/files/requirements.txt
2022-02-21 13:16:02,717 INFO    Thread-8  :155973 [dir_watcher.py:_on_file_created():217] file/dir created: /home/soroosh/Programmes/DD/DD_package/wandb/run-20220221_131559-2yfjkljl/files/code/DD_package/main.py
2022-02-21 13:16:02,717 INFO    Thread-8  :155973 [dir_watcher.py:_on_file_created():217] file/dir created: /home/soroosh/Programmes/DD/DD_package/wandb/run-20220221_131559-2yfjkljl/files/wandb-metadata.json
2022-02-21 13:16:02,717 INFO    Thread-8  :155973 [dir_watcher.py:_on_file_created():217] file/dir created: /home/soroosh/Programmes/DD/DD_package/wandb/run-20220221_131559-2yfjkljl/files/output.log
2022-02-21 13:16:02,717 INFO    Thread-8  :155973 [dir_watcher.py:_on_file_created():217] file/dir created: /home/soroosh/Programmes/DD/DD_package/wandb/run-20220221_131559-2yfjkljl/files/code/DD_package
2022-02-21 13:16:02,717 INFO    Thread-8  :155973 [dir_watcher.py:_on_file_created():217] file/dir created: /home/soroosh/Programmes/DD/DD_package/wandb/run-20220221_131559-2yfjkljl/files/code
2022-02-21 13:16:02,826 INFO    Thread-12 :155973 [upload_job.py:push():137] Uploaded file /tmp/tmpgl62vizbwandb/2rcaieft-code/DD_package/main.py
2022-02-21 13:16:03,266 INFO    Thread-11 :155973 [upload_job.py:push():137] Uploaded file /tmp/tmpgl62vizbwandb/3mwjfhxy-wandb-metadata.json
2022-02-21 13:16:03,537 INFO    Thread-13 :155973 [upload_job.py:push():137] Uploaded file /tmp/tmpgl62vizbwandb/3kbwlnh5-diff.patch
2022-02-21 13:16:17,331 DEBUG   HandlerThread:155973 [handler.py:handle_request():131] handle_request: stop_status
2022-02-21 13:16:17,332 DEBUG   SenderThread:155973 [sender.py:send_request():249] send_request: stop_status
2022-02-21 13:16:30,094 DEBUG   SenderThread:155973 [sender.py:send():235] send: stats
2022-02-21 13:16:32,546 DEBUG   HandlerThread:155973 [handler.py:handle_request():131] handle_request: stop_status
2022-02-21 13:16:32,546 DEBUG   SenderThread:155973 [sender.py:send_request():249] send_request: stop_status
2022-02-21 13:16:52,546 DEBUG   HandlerThread:155973 [handler.py:handle_request():131] handle_request: stop_status
2022-02-21 13:17:12,547 DEBUG   HandlerThread:155973 [handler.py:handle_request():131] handle_request: stop_status
2022-02-21 13:17:17,932 ERROR   SenderThread:155973 [retry.py:__call__():126] Retry attempt failed:
Traceback (most recent call last):
  File "/home/soroosh/anaconda3/lib/python3.9/site-packages/urllib3/connection.py", line 174, in _new_conn
    conn = connection.create_connection(
  File "/home/soroosh/anaconda3/lib/python3.9/site-packages/urllib3/util/connection.py", line 73, in create_connection
    for res in socket.getaddrinfo(host, port, family, socket.SOCK_STREAM):
  File "/home/soroosh/anaconda3/lib/python3.9/socket.py", line 954, in getaddrinfo
    for res in _socket.getaddrinfo(host, port, family, type, proto, flags):
socket.gaierror: [Errno -3] Temporary failure in name resolution

During handling of the above exception, another exception occurred:

Traceback (most recent call last):
  File "/home/soroosh/anaconda3/lib/python3.9/site-packages/urllib3/connectionpool.py", line 699, in urlopen
    httplib_response = self._make_request(
  File "/home/soroosh/anaconda3/lib/python3.9/site-packages/urllib3/connectionpool.py", line 382, in _make_request
    self._validate_conn(conn)
  File "/home/soroosh/anaconda3/lib/python3.9/site-packages/urllib3/connectionpool.py", line 1010, in _validate_conn
    conn.connect()
  File "/home/soroosh/anaconda3/lib/python3.9/site-packages/urllib3/connection.py", line 358, in connect
    conn = self._new_conn()
  File "/home/soroosh/anaconda3/lib/python3.9/site-packages/urllib3/connection.py", line 186, in _new_conn
    raise NewConnectionError(
urllib3.exceptions.NewConnectionError: <urllib3.connection.HTTPSConnection object at 0x7f19b21db370>: Failed to establish a new connection: [Errno -3] Temporary failure in name resolution

During handling of the above exception, another exception occurred:

Traceback (most recent call last):
  File "/home/soroosh/anaconda3/lib/python3.9/site-packages/requests/adapters.py", line 439, in send
    resp = conn.urlopen(
  File "/home/soroosh/anaconda3/lib/python3.9/site-packages/urllib3/connectionpool.py", line 755, in urlopen
    retries = retries.increment(
  File "/home/soroosh/anaconda3/lib/python3.9/site-packages/urllib3/util/retry.py", line 574, in increment
    raise MaxRetryError(_pool, url, error or ResponseError(cause))
urllib3.exceptions.MaxRetryError: HTTPSConnectionPool(host='api.wandb.ai', port=443): Max retries exceeded with url: /graphql (Caused by NewConnectionError('<urllib3.connection.HTTPSConnection object at 0x7f19b21db370>: Failed to establish a new connection: [Errno -3] Temporary failure in name resolution'))

During handling of the above exception, another exception occurred:

Traceback (most recent call last):
  File "/home/soroosh/venv_Jan2022/lib/python3.9/site-packages/wandb/sdk/lib/retry.py", line 102, in __call__
    result = self._call_fn(*args, **kwargs)
  File "/home/soroosh/venv_Jan2022/lib/python3.9/site-packages/wandb/sdk/internal/internal_api.py", line 140, in execute
    return self.client.execute(*args, **kwargs)
  File "/home/soroosh/venv_Jan2022/lib/python3.9/site-packages/wandb/vendor/gql-0.2.0/gql/client.py", line 52, in execute
    result = self._get_result(document, *args, **kwargs)
  File "/home/soroosh/venv_Jan2022/lib/python3.9/site-packages/wandb/vendor/gql-0.2.0/gql/client.py", line 60, in _get_result
    return self.transport.execute(document, *args, **kwargs)
  File "/home/soroosh/venv_Jan2022/lib/python3.9/site-packages/wandb/vendor/gql-0.2.0/gql/transport/requests.py", line 38, in execute
    request = requests.post(self.url, **post_args)
  File "/home/soroosh/anaconda3/lib/python3.9/site-packages/requests/api.py", line 117, in post
    return request('post', url, data=data, json=json, **kwargs)
  File "/home/soroosh/anaconda3/lib/python3.9/site-packages/requests/api.py", line 61, in request
    return session.request(method=method, url=url, **kwargs)
  File "/home/soroosh/anaconda3/lib/python3.9/site-packages/requests/sessions.py", line 542, in request
    resp = self.send(prep, **send_kwargs)
  File "/home/soroosh/anaconda3/lib/python3.9/site-packages/requests/sessions.py", line 655, in send
    r = adapter.send(request, **kwargs)
  File "/home/soroosh/anaconda3/lib/python3.9/site-packages/requests/adapters.py", line 516, in send
    raise ConnectionError(e, request=request)
requests.exceptions.ConnectionError: HTTPSConnectionPool(host='api.wandb.ai', port=443): Max retries exceeded with url: /graphql (Caused by NewConnectionError('<urllib3.connection.HTTPSConnection object at 0x7f19b21db370>: Failed to establish a new connection: [Errno -3] Temporary failure in name resolution'))
2022-02-21 13:17:32,547 DEBUG   HandlerThread:155973 [handler.py:handle_request():131] handle_request: stop_status
2022-02-21 13:17:52,548 DEBUG   HandlerThread:155973 [handler.py:handle_request():131] handle_request: stop_status
2022-02-21 13:18:12,549 DEBUG   HandlerThread:155973 [handler.py:handle_request():131] handle_request: stop_status
2022-02-21 13:18:32,549 DEBUG   HandlerThread:155973 [handler.py:handle_request():131] handle_request: stop_status
2022-02-21 13:18:52,549 DEBUG   HandlerThread:155973 [handler.py:handle_request():131] handle_request: stop_status
2022-02-21 13:18:59,036 DEBUG   SenderThread:155973 [sender.py:send_request():249] send_request: stop_status
2022-02-21 13:18:59,242 DEBUG   SenderThread:155973 [sender.py:send():235] send: stats
2022-02-21 13:18:59,243 DEBUG   SenderThread:155973 [sender.py:send_request():249] send_request: stop_status
2022-02-21 13:18:59,461 DEBUG   SenderThread:155973 [sender.py:send():235] send: stats
2022-02-21 13:18:59,462 DEBUG   SenderThread:155973 [sender.py:send_request():249] send_request: stop_status
2022-02-21 13:18:59,665 DEBUG   SenderThread:155973 [sender.py:send_request():249] send_request: stop_status
2022-02-21 13:18:59,875 DEBUG   SenderThread:155973 [sender.py:send():235] send: stats
2022-02-21 13:18:59,876 DEBUG   SenderThread:155973 [sender.py:send_request():249] send_request: stop_status
2022-02-21 13:19:00,092 DEBUG   SenderThread:155973 [sender.py:send():235] send: stats
2022-02-21 13:19:00,093 DEBUG   SenderThread:155973 [sender.py:send_request():249] send_request: stop_status
2022-02-21 13:19:00,301 DEBUG   SenderThread:155973 [sender.py:send_request():249] send_request: stop_status
2022-02-21 13:19:00,529 DEBUG   SenderThread:155973 [sender.py:send():235] send: stats
2022-02-21 13:19:12,550 DEBUG   HandlerThread:155973 [handler.py:handle_request():131] handle_request: stop_status
2022-02-21 13:19:12,550 DEBUG   SenderThread:155973 [sender.py:send_request():249] send_request: stop_status
2022-02-21 13:19:27,862 DEBUG   HandlerThread:155973 [handler.py:handle_request():131] handle_request: stop_status
2022-02-21 13:19:27,863 DEBUG   SenderThread:155973 [sender.py:send_request():249] send_request: stop_status
2022-02-21 13:19:30,449 DEBUG   SenderThread:155973 [sender.py:send():235] send: stats
2022-02-21 13:19:40,361 DEBUG   SenderThread:155973 [sender.py:send():235] send: telemetry
2022-02-21 13:19:40,361 DEBUG   HandlerThread:155973 [handler.py:handle_request():131] handle_request: poll_exit
2022-02-21 13:19:40,361 DEBUG   SenderThread:155973 [sender.py:send():235] send: exit
2022-02-21 13:19:40,361 INFO    SenderThread:155973 [sender.py:send_exit():371] handling exit code: 1
2022-02-21 13:19:40,362 INFO    SenderThread:155973 [sender.py:send_exit():373] handling runtime: 219
2022-02-21 13:19:40,362 INFO    SenderThread:155973 [sender.py:_save_file():944] saving file wandb-summary.json with policy end
2022-02-21 13:19:40,363 INFO    SenderThread:155973 [sender.py:send_exit():379] send defer
2022-02-21 13:19:40,363 DEBUG   SenderThread:155973 [sender.py:send_request():249] send_request: poll_exit
2022-02-21 13:19:40,364 DEBUG   HandlerThread:155973 [handler.py:handle_request():131] handle_request: defer
2022-02-21 13:19:40,364 INFO    HandlerThread:155973 [handler.py:handle_request_defer():154] handle defer: 0
2022-02-21 13:19:40,364 DEBUG   SenderThread:155973 [sender.py:send_request():249] send_request: defer
2022-02-21 13:19:40,364 INFO    SenderThread:155973 [sender.py:send_request_defer():388] handle sender defer: 0
2022-02-21 13:19:40,364 INFO    SenderThread:155973 [sender.py:transition_state():392] send defer: 1
2022-02-21 13:19:40,364 DEBUG   HandlerThread:155973 [handler.py:handle_request():131] handle_request: defer
2022-02-21 13:19:40,365 INFO    HandlerThread:155973 [handler.py:handle_request_defer():154] handle defer: 1
2022-02-21 13:19:40,367 DEBUG   SenderThread:155973 [sender.py:send_request():249] send_request: defer
2022-02-21 13:19:40,367 INFO    SenderThread:155973 [sender.py:send_request_defer():388] handle sender defer: 1
2022-02-21 13:19:40,367 INFO    SenderThread:155973 [sender.py:transition_state():392] send defer: 2
2022-02-21 13:19:40,368 DEBUG   SenderThread:155973 [sender.py:send():235] send: stats
2022-02-21 13:19:40,368 DEBUG   HandlerThread:155973 [handler.py:handle_request():131] handle_request: defer
2022-02-21 13:19:40,368 INFO    HandlerThread:155973 [handler.py:handle_request_defer():154] handle defer: 2
2022-02-21 13:19:40,368 DEBUG   SenderThread:155973 [sender.py:send_request():249] send_request: defer
2022-02-21 13:19:40,368 INFO    SenderThread:155973 [sender.py:send_request_defer():388] handle sender defer: 2
2022-02-21 13:19:40,368 INFO    SenderThread:155973 [sender.py:transition_state():392] send defer: 3
2022-02-21 13:19:40,369 DEBUG   HandlerThread:155973 [handler.py:handle_request():131] handle_request: defer
2022-02-21 13:19:40,369 INFO    HandlerThread:155973 [handler.py:handle_request_defer():154] handle defer: 3
2022-02-21 13:19:40,369 DEBUG   SenderThread:155973 [sender.py:send():235] send: summary
2022-02-21 13:19:40,369 INFO    SenderThread:155973 [sender.py:_save_file():944] saving file wandb-summary.json with policy end
2022-02-21 13:19:40,369 DEBUG   SenderThread:155973 [sender.py:send_request():249] send_request: defer
2022-02-21 13:19:40,369 INFO    SenderThread:155973 [sender.py:send_request_defer():388] handle sender defer: 3
2022-02-21 13:19:40,369 INFO    SenderThread:155973 [sender.py:transition_state():392] send defer: 4
2022-02-21 13:19:40,370 DEBUG   HandlerThread:155973 [handler.py:handle_request():131] handle_request: defer
2022-02-21 13:19:40,370 INFO    HandlerThread:155973 [handler.py:handle_request_defer():154] handle defer: 4
2022-02-21 13:19:40,370 DEBUG   SenderThread:155973 [sender.py:send_request():249] send_request: defer
2022-02-21 13:19:40,370 INFO    SenderThread:155973 [sender.py:send_request_defer():388] handle sender defer: 4
2022-02-21 13:19:40,465 DEBUG   HandlerThread:155973 [handler.py:handle_request():131] handle_request: poll_exit
2022-02-21 13:19:40,591 INFO    SenderThread:155973 [sender.py:transition_state():392] send defer: 5
2022-02-21 13:19:40,591 DEBUG   SenderThread:155973 [sender.py:send_request():249] send_request: poll_exit
2022-02-21 13:19:40,591 DEBUG   HandlerThread:155973 [handler.py:handle_request():131] handle_request: defer
2022-02-21 13:19:40,592 INFO    HandlerThread:155973 [handler.py:handle_request_defer():154] handle defer: 5
2022-02-21 13:19:40,592 DEBUG   SenderThread:155973 [sender.py:send_request():249] send_request: defer
2022-02-21 13:19:40,592 INFO    SenderThread:155973 [sender.py:send_request_defer():388] handle sender defer: 5
2022-02-21 13:19:40,592 INFO    SenderThread:155973 [dir_watcher.py:finish():283] shutting down directory watcher
2022-02-21 13:19:40,693 DEBUG   HandlerThread:155973 [handler.py:handle_request():131] handle_request: poll_exit
2022-02-21 13:19:40,753 INFO    SenderThread:155973 [dir_watcher.py:_on_file_modified():230] file/dir modified: /home/soroosh/Programmes/DD/DD_package/wandb/run-20220221_131559-2yfjkljl/files/output.log
2022-02-21 13:19:40,753 INFO    SenderThread:155973 [dir_watcher.py:_on_file_modified():230] file/dir modified: /home/soroosh/Programmes/DD/DD_package/wandb/run-20220221_131559-2yfjkljl/files/wandb-summary.json
2022-02-21 13:19:40,753 INFO    SenderThread:155973 [dir_watcher.py:_on_file_modified():230] file/dir modified: /home/soroosh/Programmes/DD/DD_package/wandb/run-20220221_131559-2yfjkljl/files/config.yaml
2022-02-21 13:19:40,753 INFO    SenderThread:155973 [dir_watcher.py:finish():313] scan: /home/soroosh/Programmes/DD/DD_package/wandb/run-20220221_131559-2yfjkljl/files
2022-02-21 13:19:40,754 INFO    SenderThread:155973 [dir_watcher.py:finish():327] scan save: /home/soroosh/Programmes/DD/DD_package/wandb/run-20220221_131559-2yfjkljl/files/wandb-summary.json wandb-summary.json
2022-02-21 13:19:40,754 INFO    SenderThread:155973 [dir_watcher.py:finish():327] scan save: /home/soroosh/Programmes/DD/DD_package/wandb/run-20220221_131559-2yfjkljl/files/wandb-metadata.json wandb-metadata.json
2022-02-21 13:19:40,754 INFO    SenderThread:155973 [dir_watcher.py:finish():327] scan save: /home/soroosh/Programmes/DD/DD_package/wandb/run-20220221_131559-2yfjkljl/files/output.log output.log
2022-02-21 13:19:40,754 INFO    SenderThread:155973 [dir_watcher.py:finish():327] scan save: /home/soroosh/Programmes/DD/DD_package/wandb/run-20220221_131559-2yfjkljl/files/requirements.txt requirements.txt
2022-02-21 13:19:40,754 INFO    SenderThread:155973 [dir_watcher.py:finish():327] scan save: /home/soroosh/Programmes/DD/DD_package/wandb/run-20220221_131559-2yfjkljl/files/config.yaml config.yaml
2022-02-21 13:19:40,762 INFO    SenderThread:155973 [dir_watcher.py:finish():327] scan save: /home/soroosh/Programmes/DD/DD_package/wandb/run-20220221_131559-2yfjkljl/files/diff.patch diff.patch
2022-02-21 13:19:40,770 INFO    SenderThread:155973 [dir_watcher.py:finish():327] scan save: /home/soroosh/Programmes/DD/DD_package/wandb/run-20220221_131559-2yfjkljl/files/code/DD_package/main.py code/DD_package/main.py
2022-02-21 13:19:40,770 INFO    SenderThread:155973 [sender.py:transition_state():392] send defer: 6
2022-02-21 13:19:40,770 DEBUG   SenderThread:155973 [sender.py:send_request():249] send_request: poll_exit
2022-02-21 13:19:40,771 DEBUG   HandlerThread:155973 [handler.py:handle_request():131] handle_request: defer
2022-02-21 13:19:40,771 INFO    HandlerThread:155973 [handler.py:handle_request_defer():154] handle defer: 6
2022-02-21 13:19:40,771 DEBUG   SenderThread:155973 [sender.py:send_request():249] send_request: defer
2022-02-21 13:19:40,771 INFO    SenderThread:155973 [sender.py:send_request_defer():388] handle sender defer: 6
2022-02-21 13:19:40,771 INFO    SenderThread:155973 [file_pusher.py:finish():177] shutting down file pusher
2022-02-21 13:19:40,872 DEBUG   HandlerThread:155973 [handler.py:handle_request():131] handle_request: poll_exit
2022-02-21 13:19:40,872 DEBUG   SenderThread:155973 [sender.py:send_request():249] send_request: poll_exit
2022-02-21 13:19:40,974 DEBUG   HandlerThread:155973 [handler.py:handle_request():131] handle_request: poll_exit
2022-02-21 13:19:40,974 DEBUG   SenderThread:155973 [sender.py:send_request():249] send_request: poll_exit
2022-02-21 13:19:41,075 DEBUG   HandlerThread:155973 [handler.py:handle_request():131] handle_request: poll_exit
2022-02-21 13:19:41,076 DEBUG   SenderThread:155973 [sender.py:send_request():249] send_request: poll_exit
2022-02-21 13:19:41,177 DEBUG   HandlerThread:155973 [handler.py:handle_request():131] handle_request: poll_exit
2022-02-21 13:19:41,177 DEBUG   SenderThread:155973 [sender.py:send_request():249] send_request: poll_exit
2022-02-21 13:19:41,279 DEBUG   HandlerThread:155973 [handler.py:handle_request():131] handle_request: poll_exit
2022-02-21 13:19:41,279 DEBUG   SenderThread:155973 [sender.py:send_request():249] send_request: poll_exit
2022-02-21 13:19:41,381 DEBUG   HandlerThread:155973 [handler.py:handle_request():131] handle_request: poll_exit
2022-02-21 13:19:41,381 DEBUG   SenderThread:155973 [sender.py:send_request():249] send_request: poll_exit
2022-02-21 13:19:41,406 INFO    Thread-14 :155973 [upload_job.py:push():137] Uploaded file /home/soroosh/Programmes/DD/DD_package/wandb/run-20220221_131559-2yfjkljl/files/wandb-summary.json
2022-02-21 13:19:41,425 INFO    Thread-15 :155973 [upload_job.py:push():137] Uploaded file /home/soroosh/Programmes/DD/DD_package/wandb/run-20220221_131559-2yfjkljl/files/output.log
2022-02-21 13:19:41,470 INFO    Thread-16 :155973 [upload_job.py:push():137] Uploaded file /home/soroosh/Programmes/DD/DD_package/wandb/run-20220221_131559-2yfjkljl/files/requirements.txt
2022-02-21 13:19:41,483 DEBUG   HandlerThread:155973 [handler.py:handle_request():131] handle_request: poll_exit
2022-02-21 13:19:41,483 DEBUG   SenderThread:155973 [sender.py:send_request():249] send_request: poll_exit
2022-02-21 13:19:41,584 DEBUG   HandlerThread:155973 [handler.py:handle_request():131] handle_request: poll_exit
2022-02-21 13:19:41,584 DEBUG   SenderThread:155973 [sender.py:send_request():249] send_request: poll_exit
2022-02-21 13:19:41,651 INFO    Thread-17 :155973 [upload_job.py:push():137] Uploaded file /home/soroosh/Programmes/DD/DD_package/wandb/run-20220221_131559-2yfjkljl/files/config.yaml
2022-02-21 13:19:41,686 DEBUG   HandlerThread:155973 [handler.py:handle_request():131] handle_request: poll_exit
2022-02-21 13:19:41,686 DEBUG   SenderThread:155973 [sender.py:send_request():249] send_request: poll_exit
2022-02-21 13:19:41,788 DEBUG   HandlerThread:155973 [handler.py:handle_request():131] handle_request: poll_exit
2022-02-21 13:19:41,788 DEBUG   SenderThread:155973 [sender.py:send_request():249] send_request: poll_exit
2022-02-21 13:19:41,852 INFO    Thread-7  :155973 [sender.py:transition_state():392] send defer: 7
2022-02-21 13:19:41,852 DEBUG   HandlerThread:155973 [handler.py:handle_request():131] handle_request: defer
2022-02-21 13:19:41,852 INFO    HandlerThread:155973 [handler.py:handle_request_defer():154] handle defer: 7
2022-02-21 13:19:41,853 DEBUG   SenderThread:155973 [sender.py:send_request():249] send_request: defer
2022-02-21 13:19:41,853 INFO    SenderThread:155973 [sender.py:send_request_defer():388] handle sender defer: 7
2022-02-21 13:19:41,890 DEBUG   HandlerThread:155973 [handler.py:handle_request():131] handle_request: poll_exit
2022-02-21 13:19:46,990 DEBUG   HandlerThread:155973 [handler.py:handle_request():131] handle_request: poll_exit
2022-02-21 13:19:52,091 DEBUG   HandlerThread:155973 [handler.py:handle_request():131] handle_request: poll_exit
2022-02-21 13:19:57,191 DEBUG   HandlerThread:155973 [handler.py:handle_request():131] handle_request: poll_exit
2022-02-21 13:20:02,292 DEBUG   HandlerThread:155973 [handler.py:handle_request():131] handle_request: poll_exit
2022-02-21 13:20:07,393 DEBUG   HandlerThread:155973 [handler.py:handle_request():131] handle_request: poll_exit
2022-02-21 13:20:12,494 DEBUG   HandlerThread:155973 [handler.py:handle_request():131] handle_request: poll_exit
2022-02-21 13:20:17,595 DEBUG   HandlerThread:155973 [handler.py:handle_request():131] handle_request: poll_exit
2022-02-21 13:20:21,253 INFO    SenderThread:155973 [sender.py:transition_state():392] send defer: 8
2022-02-21 13:20:21,253 DEBUG   SenderThread:155973 [sender.py:send_request():249] send_request: poll_exit
2022-02-21 13:20:21,254 DEBUG   SenderThread:155973 [sender.py:send_request():249] send_request: poll_exit
2022-02-21 13:20:21,254 DEBUG   SenderThread:155973 [sender.py:send_request():249] send_request: poll_exit
2022-02-21 13:20:21,255 DEBUG   SenderThread:155973 [sender.py:send_request():249] send_request: poll_exit
2022-02-21 13:20:21,255 DEBUG   SenderThread:155973 [sender.py:send_request():249] send_request: poll_exit
2022-02-21 13:20:21,255 DEBUG   HandlerThread:155973 [handler.py:handle_request():131] handle_request: defer
2022-02-21 13:20:21,255 DEBUG   SenderThread:155973 [sender.py:send_request():249] send_request: poll_exit
2022-02-21 13:20:21,255 INFO    HandlerThread:155973 [handler.py:handle_request_defer():154] handle defer: 8
2022-02-21 13:20:21,255 DEBUG   SenderThread:155973 [sender.py:send_request():249] send_request: poll_exit
2022-02-21 13:20:21,256 DEBUG   SenderThread:155973 [sender.py:send_request():249] send_request: poll_exit
2022-02-21 13:20:21,256 DEBUG   SenderThread:155973 [sender.py:send_request():249] send_request: defer
2022-02-21 13:20:21,256 INFO    SenderThread:155973 [sender.py:send_request_defer():388] handle sender defer: 8
2022-02-21 13:20:21,256 INFO    SenderThread:155973 [sender.py:transition_state():392] send defer: 9
2022-02-21 13:20:21,257 DEBUG   HandlerThread:155973 [handler.py:handle_request():131] handle_request: defer
2022-02-21 13:20:21,257 DEBUG   SenderThread:155973 [sender.py:send():235] send: final
2022-02-21 13:20:21,257 INFO    HandlerThread:155973 [handler.py:handle_request_defer():154] handle defer: 9
2022-02-21 13:20:21,257 DEBUG   SenderThread:155973 [sender.py:send():235] send: footer
2022-02-21 13:20:21,257 DEBUG   SenderThread:155973 [sender.py:send_request():249] send_request: defer
2022-02-21 13:20:21,257 INFO    SenderThread:155973 [sender.py:send_request_defer():388] handle sender defer: 9
2022-02-21 13:20:21,357 DEBUG   HandlerThread:155973 [handler.py:handle_request():131] handle_request: poll_exit
2022-02-21 13:20:21,358 DEBUG   SenderThread:155973 [sender.py:send_request():249] send_request: poll_exit
2022-02-21 13:20:21,358 INFO    SenderThread:155973 [file_pusher.py:join():182] waiting for file pusher
2022-02-21 13:20:21,774 DEBUG   HandlerThread:155973 [handler.py:handle_request():131] handle_request: get_summary
2022-02-21 13:20:21,775 DEBUG   HandlerThread:155973 [handler.py:handle_request():131] handle_request: sampled_history
2022-02-21 13:20:21,776 DEBUG   HandlerThread:155973 [handler.py:handle_request():131] handle_request: shutdown
2022-02-21 13:20:21,777 INFO    HandlerThread:155973 [handler.py:finish():739] shutting down handler
2022-02-21 13:20:22,257 INFO    WriterThread:155973 [datastore.py:close():281] close: /home/soroosh/Programmes/DD/DD_package/wandb/run-20220221_131559-2yfjkljl/run-2yfjkljl.wandb
2022-02-21 13:20:22,773 INFO    SenderThread:155973 [sender.py:finish():1075] shutting down sender
2022-02-21 13:20:22,773 INFO    SenderThread:155973 [file_pusher.py:finish():177] shutting down file pusher
2022-02-21 13:20:22,773 INFO    SenderThread:155973 [file_pusher.py:join():182] waiting for file pusher
2022-02-21 13:20:22,776 INFO    MainThread:155973 [internal.py:handle_exit():79] Internal process exited
