2022-03-30 21:01:26,886 INFO    MainThread:374840 [internal.py:wandb_internal():89] W&B internal server running at pid: 374840, started at: 2022-03-30 21:01:26.886550
2022-03-30 21:01:26,894 DEBUG   HandlerThread:374840 [handler.py:handle_request():131] handle_request: check_version
2022-03-30 21:01:26,894 DEBUG   SenderThread:374840 [sender.py:send():235] send: header
2022-03-30 21:01:26,894 INFO    WriterThread:374840 [datastore.py:open_for_write():77] open: /home/soroosh/Programmes/DD/DD_package/wandb/run-20220330_210125-1ouliowe/run-1ouliowe.wandb
2022-03-30 21:01:26,895 DEBUG   SenderThread:374840 [sender.py:send_request():249] send_request: check_version
2022-03-30 21:01:27,060 DEBUG   SenderThread:374840 [sender.py:send():235] send: run
2022-03-30 21:01:28,573 DEBUG   HandlerThread:374840 [handler.py:handle_request():131] handle_request: run_start
2022-03-30 21:01:28,938 INFO    SenderThread:374840 [dir_watcher.py:__init__():169] watching files in: /home/soroosh/Programmes/DD/DD_package/wandb/run-20220330_210125-1ouliowe/files
2022-03-30 21:01:28,939 INFO    SenderThread:374840 [sender.py:_start_run_threads():809] run started: 1ouliowe with start time 1648663285
2022-03-30 21:01:28,939 DEBUG   SenderThread:374840 [sender.py:send():235] send: summary
2022-03-30 21:01:28,939 INFO    SenderThread:374840 [sender.py:_save_file():944] saving file wandb-summary.json with policy end
2022-03-30 21:01:29,940 INFO    Thread-8  :374840 [dir_watcher.py:_on_file_created():217] file/dir created: /home/soroosh/Programmes/DD/DD_package/wandb/run-20220330_210125-1ouliowe/files/wandb-summary.json
2022-03-30 21:01:31,605 DEBUG   HandlerThread:374840 [meta.py:__init__():36] meta init
2022-03-30 21:01:31,606 DEBUG   HandlerThread:374840 [meta.py:__init__():50] meta init done
2022-03-30 21:01:31,606 DEBUG   HandlerThread:374840 [meta.py:probe():210] probe
2022-03-30 21:01:31,608 DEBUG   HandlerThread:374840 [meta.py:_setup_git():200] setup git
2022-03-30 21:01:31,671 DEBUG   HandlerThread:374840 [meta.py:_setup_git():207] setup git done
2022-03-30 21:01:31,671 DEBUG   HandlerThread:374840 [meta.py:_save_code():88] save code
2022-03-30 21:01:31,691 DEBUG   HandlerThread:374840 [meta.py:_save_code():109] save code done
2022-03-30 21:01:31,691 DEBUG   HandlerThread:374840 [meta.py:_save_patches():126] save patches
2022-03-30 21:01:31,941 INFO    Thread-8  :374840 [dir_watcher.py:_on_file_created():217] file/dir created: /home/soroosh/Programmes/DD/DD_package/wandb/run-20220330_210125-1ouliowe/files/code/DD_package/main.py
2022-03-30 21:01:31,942 INFO    Thread-8  :374840 [dir_watcher.py:_on_file_created():217] file/dir created: /home/soroosh/Programmes/DD/DD_package/wandb/run-20220330_210125-1ouliowe/files/diff.patch
2022-03-30 21:01:31,943 INFO    Thread-8  :374840 [dir_watcher.py:_on_file_created():217] file/dir created: /home/soroosh/Programmes/DD/DD_package/wandb/run-20220330_210125-1ouliowe/files/code/DD_package
2022-03-30 21:01:31,943 INFO    Thread-8  :374840 [dir_watcher.py:_on_file_created():217] file/dir created: /home/soroosh/Programmes/DD/DD_package/wandb/run-20220330_210125-1ouliowe/files/code
2022-03-30 21:01:32,227 DEBUG   HandlerThread:374840 [meta.py:_save_patches():168] save patches done
2022-03-30 21:01:32,228 DEBUG   HandlerThread:374840 [meta.py:_save_pip():54] save pip
2022-03-30 21:01:32,229 DEBUG   HandlerThread:374840 [meta.py:_save_pip():68] save pip done
2022-03-30 21:01:32,229 DEBUG   HandlerThread:374840 [meta.py:probe():248] probe done
2022-03-30 21:01:32,256 DEBUG   SenderThread:374840 [sender.py:send():235] send: files
2022-03-30 21:01:32,257 INFO    SenderThread:374840 [sender.py:_save_file():944] saving file wandb-metadata.json with policy now
2022-03-30 21:01:32,257 INFO    SenderThread:374840 [sender.py:_save_file():944] saving file code/DD_package/main.py with policy now
2022-03-30 21:01:32,257 INFO    SenderThread:374840 [sender.py:_save_file():944] saving file diff.patch with policy now
2022-03-30 21:01:32,258 INFO    SenderThread:374840 [sender.py:_save_file():944] saving file upstream_diff_ec064c4178a238a3b0d6d4e1c8b1489265d49e7b.patch with policy now
2022-03-30 21:01:32,279 DEBUG   HandlerThread:374840 [handler.py:handle_request():131] handle_request: stop_status
2022-03-30 21:01:32,279 DEBUG   SenderThread:374840 [sender.py:send_request():249] send_request: stop_status
2022-03-30 21:01:32,943 INFO    Thread-8  :374840 [dir_watcher.py:_on_file_modified():230] file/dir modified: /home/soroosh/Programmes/DD/DD_package/wandb/run-20220330_210125-1ouliowe/files/diff.patch
2022-03-30 21:01:32,944 INFO    Thread-8  :374840 [dir_watcher.py:_on_file_created():217] file/dir created: /home/soroosh/Programmes/DD/DD_package/wandb/run-20220330_210125-1ouliowe/files/wandb-metadata.json
2022-03-30 21:01:32,945 INFO    Thread-8  :374840 [dir_watcher.py:_on_file_created():217] file/dir created: /home/soroosh/Programmes/DD/DD_package/wandb/run-20220330_210125-1ouliowe/files/requirements.txt
2022-03-30 21:01:32,945 INFO    Thread-8  :374840 [dir_watcher.py:_on_file_created():217] file/dir created: /home/soroosh/Programmes/DD/DD_package/wandb/run-20220330_210125-1ouliowe/files/output.log
2022-03-30 21:01:32,946 INFO    Thread-8  :374840 [dir_watcher.py:_on_file_created():217] file/dir created: /home/soroosh/Programmes/DD/DD_package/wandb/run-20220330_210125-1ouliowe/files/upstream_diff_ec064c4178a238a3b0d6d4e1c8b1489265d49e7b.patch
2022-03-30 21:01:33,092 INFO    Thread-11 :374840 [upload_job.py:push():137] Uploaded file /tmp/tmpx96k1dpiwandb/2uk0spgr-wandb-metadata.json
2022-03-30 21:01:33,243 INFO    Thread-12 :374840 [upload_job.py:push():137] Uploaded file /tmp/tmpx96k1dpiwandb/3kuucxiw-code/DD_package/main.py
2022-03-30 21:01:33,693 INFO    Thread-14 :374840 [upload_job.py:push():137] Uploaded file /tmp/tmpx96k1dpiwandb/10iwgu23-upstream_diff_ec064c4178a238a3b0d6d4e1c8b1489265d49e7b.patch
2022-03-30 21:01:33,732 INFO    Thread-13 :374840 [upload_job.py:push():137] Uploaded file /tmp/tmpx96k1dpiwandb/3jd4upyt-diff.patch
2022-03-30 21:01:47,617 DEBUG   HandlerThread:374840 [handler.py:handle_request():131] handle_request: stop_status
2022-03-30 21:01:47,617 DEBUG   SenderThread:374840 [sender.py:send_request():249] send_request: stop_status
2022-03-30 21:01:59,721 DEBUG   SenderThread:374840 [sender.py:send():235] send: stats
2022-03-30 21:02:03,018 DEBUG   HandlerThread:374840 [handler.py:handle_request():131] handle_request: stop_status
2022-03-30 21:02:03,018 DEBUG   SenderThread:374840 [sender.py:send_request():249] send_request: stop_status
2022-03-30 21:02:18,501 DEBUG   HandlerThread:374840 [handler.py:handle_request():131] handle_request: stop_status
2022-03-30 21:02:18,502 DEBUG   SenderThread:374840 [sender.py:send_request():249] send_request: stop_status
2022-03-30 21:02:29,969 DEBUG   SenderThread:374840 [sender.py:send():235] send: stats
2022-03-30 21:02:33,762 DEBUG   HandlerThread:374840 [handler.py:handle_request():131] handle_request: stop_status
2022-03-30 21:02:33,763 DEBUG   SenderThread:374840 [sender.py:send_request():249] send_request: stop_status
2022-03-30 21:02:49,021 DEBUG   HandlerThread:374840 [handler.py:handle_request():131] handle_request: stop_status
2022-03-30 21:02:49,022 DEBUG   SenderThread:374840 [sender.py:send_request():249] send_request: stop_status
2022-03-30 21:03:00,149 DEBUG   SenderThread:374840 [sender.py:send():235] send: stats
2022-03-30 21:03:04,307 DEBUG   HandlerThread:374840 [handler.py:handle_request():131] handle_request: stop_status
2022-03-30 21:03:04,308 DEBUG   SenderThread:374840 [sender.py:send_request():249] send_request: stop_status
2022-03-30 21:03:19,562 DEBUG   HandlerThread:374840 [handler.py:handle_request():131] handle_request: stop_status
2022-03-30 21:03:19,563 DEBUG   SenderThread:374840 [sender.py:send_request():249] send_request: stop_status
2022-03-30 21:03:30,354 DEBUG   SenderThread:374840 [sender.py:send():235] send: stats
2022-03-30 21:03:34,829 DEBUG   HandlerThread:374840 [handler.py:handle_request():131] handle_request: stop_status
2022-03-30 21:03:34,830 DEBUG   SenderThread:374840 [sender.py:send_request():249] send_request: stop_status
2022-03-30 21:03:50,375 DEBUG   HandlerThread:374840 [handler.py:handle_request():131] handle_request: stop_status
2022-03-30 21:03:50,376 DEBUG   SenderThread:374840 [sender.py:send_request():249] send_request: stop_status
2022-03-30 21:04:00,530 DEBUG   SenderThread:374840 [sender.py:send():235] send: stats
2022-03-30 21:04:05,608 DEBUG   HandlerThread:374840 [handler.py:handle_request():131] handle_request: stop_status
2022-03-30 21:04:05,608 DEBUG   SenderThread:374840 [sender.py:send_request():249] send_request: stop_status
2022-03-30 21:04:20,853 DEBUG   HandlerThread:374840 [handler.py:handle_request():131] handle_request: stop_status
2022-03-30 21:04:20,853 DEBUG   SenderThread:374840 [sender.py:send_request():249] send_request: stop_status
2022-03-30 21:04:31,103 DEBUG   SenderThread:374840 [sender.py:send():235] send: stats
2022-03-30 21:04:36,418 DEBUG   HandlerThread:374840 [handler.py:handle_request():131] handle_request: stop_status
2022-03-30 21:04:36,419 DEBUG   SenderThread:374840 [sender.py:send_request():249] send_request: stop_status
2022-03-30 21:04:51,625 DEBUG   HandlerThread:374840 [handler.py:handle_request():131] handle_request: stop_status
2022-03-30 21:04:51,626 DEBUG   SenderThread:374840 [sender.py:send_request():249] send_request: stop_status
2022-03-30 21:05:01,561 DEBUG   SenderThread:374840 [sender.py:send():235] send: stats
2022-03-30 21:05:07,143 DEBUG   HandlerThread:374840 [handler.py:handle_request():131] handle_request: stop_status
2022-03-30 21:05:07,143 DEBUG   SenderThread:374840 [sender.py:send_request():249] send_request: stop_status
2022-03-30 21:05:22,372 DEBUG   HandlerThread:374840 [handler.py:handle_request():131] handle_request: stop_status
2022-03-30 21:05:22,372 DEBUG   SenderThread:374840 [sender.py:send_request():249] send_request: stop_status
2022-03-30 21:05:31,798 DEBUG   SenderThread:374840 [sender.py:send():235] send: stats
2022-03-30 21:05:37,718 DEBUG   HandlerThread:374840 [handler.py:handle_request():131] handle_request: stop_status
2022-03-30 21:05:37,719 DEBUG   SenderThread:374840 [sender.py:send_request():249] send_request: stop_status
2022-03-30 21:05:52,958 DEBUG   HandlerThread:374840 [handler.py:handle_request():131] handle_request: stop_status
2022-03-30 21:05:52,958 DEBUG   SenderThread:374840 [sender.py:send_request():249] send_request: stop_status
2022-03-30 21:06:01,926 DEBUG   SenderThread:374840 [sender.py:send():235] send: stats
2022-03-30 21:06:08,574 DEBUG   HandlerThread:374840 [handler.py:handle_request():131] handle_request: stop_status
2022-03-30 21:06:08,575 DEBUG   SenderThread:374840 [sender.py:send_request():249] send_request: stop_status
2022-03-30 21:06:23,830 DEBUG   HandlerThread:374840 [handler.py:handle_request():131] handle_request: stop_status
2022-03-30 21:06:23,831 DEBUG   SenderThread:374840 [sender.py:send_request():249] send_request: stop_status
2022-03-30 21:06:32,466 DEBUG   SenderThread:374840 [sender.py:send():235] send: stats
2022-03-30 21:06:39,078 DEBUG   HandlerThread:374840 [handler.py:handle_request():131] handle_request: stop_status
2022-03-30 21:06:39,081 DEBUG   SenderThread:374840 [sender.py:send_request():249] send_request: stop_status
2022-03-30 21:06:57,250 DEBUG   HandlerThread:374840 [handler.py:handle_request():131] handle_request: stop_status
2022-03-30 21:06:57,251 DEBUG   SenderThread:374840 [sender.py:send_request():249] send_request: stop_status
2022-03-30 21:07:02,830 DEBUG   SenderThread:374840 [sender.py:send():235] send: stats
2022-03-30 21:07:12,474 DEBUG   HandlerThread:374840 [handler.py:handle_request():131] handle_request: stop_status
2022-03-30 21:07:12,474 DEBUG   SenderThread:374840 [sender.py:send_request():249] send_request: stop_status
2022-03-30 21:07:27,780 DEBUG   HandlerThread:374840 [handler.py:handle_request():131] handle_request: stop_status
2022-03-30 21:07:27,781 DEBUG   SenderThread:374840 [sender.py:send_request():249] send_request: stop_status
2022-03-30 21:07:33,168 DEBUG   SenderThread:374840 [sender.py:send():235] send: stats
2022-03-30 21:07:43,021 DEBUG   HandlerThread:374840 [handler.py:handle_request():131] handle_request: stop_status
2022-03-30 21:07:43,022 DEBUG   SenderThread:374840 [sender.py:send_request():249] send_request: stop_status
2022-03-30 21:07:58,269 DEBUG   HandlerThread:374840 [handler.py:handle_request():131] handle_request: stop_status
2022-03-30 21:07:58,269 DEBUG   SenderThread:374840 [sender.py:send_request():249] send_request: stop_status
2022-03-30 21:08:03,975 DEBUG   SenderThread:374840 [sender.py:send():235] send: stats
2022-03-30 21:08:13,588 DEBUG   HandlerThread:374840 [handler.py:handle_request():131] handle_request: stop_status
2022-03-30 21:08:13,588 DEBUG   SenderThread:374840 [sender.py:send_request():249] send_request: stop_status
2022-03-30 21:08:30,017 DEBUG   HandlerThread:374840 [handler.py:handle_request():131] handle_request: stop_status
2022-03-30 21:08:30,018 DEBUG   SenderThread:374840 [sender.py:send_request():249] send_request: stop_status
2022-03-30 21:08:34,805 DEBUG   SenderThread:374840 [sender.py:send():235] send: stats
2022-03-30 21:08:45,314 DEBUG   HandlerThread:374840 [handler.py:handle_request():131] handle_request: stop_status
2022-03-30 21:08:45,315 DEBUG   SenderThread:374840 [sender.py:send_request():249] send_request: stop_status
2022-03-30 21:09:00,565 DEBUG   HandlerThread:374840 [handler.py:handle_request():131] handle_request: stop_status
2022-03-30 21:09:00,566 DEBUG   SenderThread:374840 [sender.py:send_request():249] send_request: stop_status
2022-03-30 21:09:05,125 DEBUG   SenderThread:374840 [sender.py:send():235] send: stats
2022-03-30 21:09:15,781 DEBUG   HandlerThread:374840 [handler.py:handle_request():131] handle_request: stop_status
2022-03-30 21:09:15,782 DEBUG   SenderThread:374840 [sender.py:send_request():249] send_request: stop_status
2022-03-30 21:09:30,997 DEBUG   HandlerThread:374840 [handler.py:handle_request():131] handle_request: stop_status
2022-03-30 21:09:30,998 DEBUG   SenderThread:374840 [sender.py:send_request():249] send_request: stop_status
2022-03-30 21:09:35,690 DEBUG   SenderThread:374840 [sender.py:send():235] send: stats
2022-03-30 21:09:46,305 DEBUG   HandlerThread:374840 [handler.py:handle_request():131] handle_request: stop_status
2022-03-30 21:09:46,305 DEBUG   SenderThread:374840 [sender.py:send_request():249] send_request: stop_status
2022-03-30 21:10:01,616 DEBUG   HandlerThread:374840 [handler.py:handle_request():131] handle_request: stop_status
2022-03-30 21:10:01,617 DEBUG   SenderThread:374840 [sender.py:send_request():249] send_request: stop_status
2022-03-30 21:10:06,372 DEBUG   SenderThread:374840 [sender.py:send():235] send: stats
2022-03-30 21:10:16,900 DEBUG   HandlerThread:374840 [handler.py:handle_request():131] handle_request: stop_status
2022-03-30 21:10:16,903 DEBUG   SenderThread:374840 [sender.py:send_request():249] send_request: stop_status
2022-03-30 21:10:32,231 DEBUG   HandlerThread:374840 [handler.py:handle_request():131] handle_request: stop_status
2022-03-30 21:10:32,232 DEBUG   SenderThread:374840 [sender.py:send_request():249] send_request: stop_status
2022-03-30 21:10:36,975 DEBUG   SenderThread:374840 [sender.py:send():235] send: stats
2022-03-30 21:10:47,480 DEBUG   HandlerThread:374840 [handler.py:handle_request():131] handle_request: stop_status
2022-03-30 21:10:47,480 DEBUG   SenderThread:374840 [sender.py:send_request():249] send_request: stop_status
2022-03-30 21:11:02,709 DEBUG   HandlerThread:374840 [handler.py:handle_request():131] handle_request: stop_status
2022-03-30 21:11:02,709 DEBUG   SenderThread:374840 [sender.py:send_request():249] send_request: stop_status
2022-03-30 21:11:07,514 DEBUG   SenderThread:374840 [sender.py:send():235] send: stats
2022-03-30 21:11:18,114 DEBUG   HandlerThread:374840 [handler.py:handle_request():131] handle_request: stop_status
2022-03-30 21:11:18,115 DEBUG   SenderThread:374840 [sender.py:send_request():249] send_request: stop_status
2022-03-30 21:11:33,350 DEBUG   HandlerThread:374840 [handler.py:handle_request():131] handle_request: stop_status
2022-03-30 21:11:33,350 DEBUG   SenderThread:374840 [sender.py:send_request():249] send_request: stop_status
2022-03-30 21:11:37,620 DEBUG   SenderThread:374840 [sender.py:send():235] send: stats
2022-03-30 21:11:48,622 DEBUG   HandlerThread:374840 [handler.py:handle_request():131] handle_request: stop_status
2022-03-30 21:11:48,623 DEBUG   SenderThread:374840 [sender.py:send_request():249] send_request: stop_status
2022-03-30 21:12:03,866 DEBUG   HandlerThread:374840 [handler.py:handle_request():131] handle_request: stop_status
2022-03-30 21:12:03,867 DEBUG   SenderThread:374840 [sender.py:send_request():249] send_request: stop_status
2022-03-30 21:12:08,148 DEBUG   SenderThread:374840 [sender.py:send():235] send: stats
2022-03-30 21:12:19,122 DEBUG   HandlerThread:374840 [handler.py:handle_request():131] handle_request: stop_status
2022-03-30 21:12:19,122 DEBUG   SenderThread:374840 [sender.py:send_request():249] send_request: stop_status
2022-03-30 21:12:34,389 DEBUG   HandlerThread:374840 [handler.py:handle_request():131] handle_request: stop_status
2022-03-30 21:12:34,389 DEBUG   SenderThread:374840 [sender.py:send_request():249] send_request: stop_status
2022-03-30 21:12:38,833 DEBUG   SenderThread:374840 [sender.py:send():235] send: stats
2022-03-30 21:12:49,640 DEBUG   HandlerThread:374840 [handler.py:handle_request():131] handle_request: stop_status
2022-03-30 21:12:49,640 DEBUG   SenderThread:374840 [sender.py:send_request():249] send_request: stop_status
2022-03-30 21:13:04,861 DEBUG   HandlerThread:374840 [handler.py:handle_request():131] handle_request: stop_status
2022-03-30 21:13:04,862 DEBUG   SenderThread:374840 [sender.py:send_request():249] send_request: stop_status
2022-03-30 21:13:09,301 DEBUG   SenderThread:374840 [sender.py:send():235] send: stats
2022-03-30 21:13:20,101 DEBUG   HandlerThread:374840 [handler.py:handle_request():131] handle_request: stop_status
2022-03-30 21:13:20,101 DEBUG   SenderThread:374840 [sender.py:send_request():249] send_request: stop_status
2022-03-30 21:13:35,326 DEBUG   HandlerThread:374840 [handler.py:handle_request():131] handle_request: stop_status
2022-03-30 21:13:35,327 DEBUG   SenderThread:374840 [sender.py:send_request():249] send_request: stop_status
2022-03-30 21:13:39,644 DEBUG   SenderThread:374840 [sender.py:send():235] send: stats
2022-03-30 21:13:50,582 DEBUG   HandlerThread:374840 [handler.py:handle_request():131] handle_request: stop_status
2022-03-30 21:13:50,582 DEBUG   SenderThread:374840 [sender.py:send_request():249] send_request: stop_status
2022-03-30 21:14:05,847 DEBUG   HandlerThread:374840 [handler.py:handle_request():131] handle_request: stop_status
2022-03-30 21:14:05,848 DEBUG   SenderThread:374840 [sender.py:send_request():249] send_request: stop_status
2022-03-30 21:14:10,323 DEBUG   SenderThread:374840 [sender.py:send():235] send: stats
2022-03-30 21:14:21,190 DEBUG   HandlerThread:374840 [handler.py:handle_request():131] handle_request: stop_status
2022-03-30 21:14:21,190 DEBUG   SenderThread:374840 [sender.py:send_request():249] send_request: stop_status
2022-03-30 21:14:36,477 DEBUG   HandlerThread:374840 [handler.py:handle_request():131] handle_request: stop_status
2022-03-30 21:14:36,478 DEBUG   SenderThread:374840 [sender.py:send_request():249] send_request: stop_status
2022-03-30 21:14:40,885 DEBUG   SenderThread:374840 [sender.py:send():235] send: stats
2022-03-30 21:14:51,686 DEBUG   HandlerThread:374840 [handler.py:handle_request():131] handle_request: stop_status
2022-03-30 21:14:51,686 DEBUG   SenderThread:374840 [sender.py:send_request():249] send_request: stop_status
2022-03-30 21:15:06,938 DEBUG   HandlerThread:374840 [handler.py:handle_request():131] handle_request: stop_status
2022-03-30 21:15:06,939 DEBUG   SenderThread:374840 [sender.py:send_request():249] send_request: stop_status
2022-03-30 21:15:11,692 DEBUG   SenderThread:374840 [sender.py:send():235] send: stats
2022-03-30 21:15:22,206 DEBUG   HandlerThread:374840 [handler.py:handle_request():131] handle_request: stop_status
2022-03-30 21:15:22,207 DEBUG   SenderThread:374840 [sender.py:send_request():249] send_request: stop_status
2022-03-30 21:15:37,446 DEBUG   HandlerThread:374840 [handler.py:handle_request():131] handle_request: stop_status
2022-03-30 21:15:37,447 DEBUG   SenderThread:374840 [sender.py:send_request():249] send_request: stop_status
2022-03-30 21:15:42,705 DEBUG   SenderThread:374840 [sender.py:send():235] send: stats
2022-03-30 21:15:52,879 DEBUG   HandlerThread:374840 [handler.py:handle_request():131] handle_request: stop_status
2022-03-30 21:15:52,881 DEBUG   SenderThread:374840 [sender.py:send_request():249] send_request: stop_status
2022-03-30 21:16:08,147 DEBUG   HandlerThread:374840 [handler.py:handle_request():131] handle_request: stop_status
2022-03-30 21:16:08,148 DEBUG   SenderThread:374840 [sender.py:send_request():249] send_request: stop_status
2022-03-30 21:16:13,282 DEBUG   SenderThread:374840 [sender.py:send():235] send: stats
2022-03-30 21:16:23,448 DEBUG   HandlerThread:374840 [handler.py:handle_request():131] handle_request: stop_status
2022-03-30 21:16:23,448 DEBUG   SenderThread:374840 [sender.py:send_request():249] send_request: stop_status
2022-03-30 21:16:38,703 DEBUG   HandlerThread:374840 [handler.py:handle_request():131] handle_request: stop_status
2022-03-30 21:16:38,705 DEBUG   SenderThread:374840 [sender.py:send_request():249] send_request: stop_status
2022-03-30 21:16:43,730 DEBUG   SenderThread:374840 [sender.py:send():235] send: stats
2022-03-30 21:16:53,930 DEBUG   HandlerThread:374840 [handler.py:handle_request():131] handle_request: stop_status
2022-03-30 21:16:53,931 DEBUG   SenderThread:374840 [sender.py:send_request():249] send_request: stop_status
2022-03-30 21:17:09,164 DEBUG   HandlerThread:374840 [handler.py:handle_request():131] handle_request: stop_status
2022-03-30 21:17:09,166 DEBUG   SenderThread:374840 [sender.py:send_request():249] send_request: stop_status
2022-03-30 21:17:13,981 DEBUG   SenderThread:374840 [sender.py:send():235] send: stats
2022-03-30 21:17:24,389 DEBUG   HandlerThread:374840 [handler.py:handle_request():131] handle_request: stop_status
2022-03-30 21:17:24,414 DEBUG   SenderThread:374840 [sender.py:send_request():249] send_request: stop_status
2022-03-30 21:17:39,661 DEBUG   HandlerThread:374840 [handler.py:handle_request():131] handle_request: stop_status
2022-03-30 21:17:39,668 DEBUG   SenderThread:374840 [sender.py:send_request():249] send_request: stop_status
2022-03-30 21:17:44,104 DEBUG   SenderThread:374840 [sender.py:send():235] send: stats
2022-03-30 21:17:54,936 DEBUG   HandlerThread:374840 [handler.py:handle_request():131] handle_request: stop_status
2022-03-30 21:17:54,936 DEBUG   SenderThread:374840 [sender.py:send_request():249] send_request: stop_status
2022-03-30 21:18:10,239 DEBUG   HandlerThread:374840 [handler.py:handle_request():131] handle_request: stop_status
2022-03-30 21:18:10,240 DEBUG   SenderThread:374840 [sender.py:send_request():249] send_request: stop_status
2022-03-30 21:18:14,360 DEBUG   SenderThread:374840 [sender.py:send():235] send: stats
2022-03-30 21:18:25,471 DEBUG   HandlerThread:374840 [handler.py:handle_request():131] handle_request: stop_status
2022-03-30 21:18:25,473 DEBUG   SenderThread:374840 [sender.py:send_request():249] send_request: stop_status
2022-03-30 21:18:40,806 DEBUG   HandlerThread:374840 [handler.py:handle_request():131] handle_request: stop_status
2022-03-30 21:18:40,806 DEBUG   SenderThread:374840 [sender.py:send_request():249] send_request: stop_status
2022-03-30 21:18:44,742 DEBUG   SenderThread:374840 [sender.py:send():235] send: stats
2022-03-30 21:18:56,039 DEBUG   HandlerThread:374840 [handler.py:handle_request():131] handle_request: stop_status
2022-03-30 21:18:56,039 DEBUG   SenderThread:374840 [sender.py:send_request():249] send_request: stop_status
2022-03-30 21:19:11,290 DEBUG   HandlerThread:374840 [handler.py:handle_request():131] handle_request: stop_status
2022-03-30 21:19:11,290 DEBUG   SenderThread:374840 [sender.py:send_request():249] send_request: stop_status
2022-03-30 21:19:15,096 DEBUG   SenderThread:374840 [sender.py:send():235] send: stats
2022-03-30 21:19:26,551 DEBUG   HandlerThread:374840 [handler.py:handle_request():131] handle_request: stop_status
2022-03-30 21:19:26,552 DEBUG   SenderThread:374840 [sender.py:send_request():249] send_request: stop_status
2022-03-30 21:19:41,794 DEBUG   HandlerThread:374840 [handler.py:handle_request():131] handle_request: stop_status
2022-03-30 21:19:41,794 DEBUG   SenderThread:374840 [sender.py:send_request():249] send_request: stop_status
2022-03-30 21:19:45,670 DEBUG   SenderThread:374840 [sender.py:send():235] send: stats
2022-03-30 21:19:57,226 DEBUG   HandlerThread:374840 [handler.py:handle_request():131] handle_request: stop_status
2022-03-30 21:19:57,227 DEBUG   SenderThread:374840 [sender.py:send_request():249] send_request: stop_status
2022-03-30 21:20:12,714 DEBUG   HandlerThread:374840 [handler.py:handle_request():131] handle_request: stop_status
2022-03-30 21:20:12,714 DEBUG   SenderThread:374840 [sender.py:send_request():249] send_request: stop_status
2022-03-30 21:20:16,049 DEBUG   SenderThread:374840 [sender.py:send():235] send: stats
2022-03-30 21:20:27,972 DEBUG   HandlerThread:374840 [handler.py:handle_request():131] handle_request: stop_status
2022-03-30 21:20:27,973 DEBUG   SenderThread:374840 [sender.py:send_request():249] send_request: stop_status
2022-03-30 21:20:43,208 DEBUG   HandlerThread:374840 [handler.py:handle_request():131] handle_request: stop_status
2022-03-30 21:20:43,209 DEBUG   SenderThread:374840 [sender.py:send_request():249] send_request: stop_status
2022-03-30 21:20:46,761 DEBUG   SenderThread:374840 [sender.py:send():235] send: stats
2022-03-30 21:20:58,502 DEBUG   HandlerThread:374840 [handler.py:handle_request():131] handle_request: stop_status
2022-03-30 21:20:58,502 DEBUG   SenderThread:374840 [sender.py:send_request():249] send_request: stop_status
2022-03-30 21:21:13,783 DEBUG   HandlerThread:374840 [handler.py:handle_request():131] handle_request: stop_status
2022-03-30 21:21:13,783 DEBUG   SenderThread:374840 [sender.py:send_request():249] send_request: stop_status
2022-03-30 21:21:33,784 DEBUG   HandlerThread:374840 [handler.py:handle_request():131] handle_request: stop_status
2022-03-30 21:21:47,650 ERROR   SenderThread:374840 [retry.py:__call__():126] Retry attempt failed:
Traceback (most recent call last):
  File "/home/soroosh/anaconda3/lib/python3.9/site-packages/urllib3/connectionpool.py", line 445, in _make_request
    six.raise_from(e, None)
  File "<string>", line 3, in raise_from
  File "/home/soroosh/anaconda3/lib/python3.9/site-packages/urllib3/connectionpool.py", line 440, in _make_request
    httplib_response = conn.getresponse()
  File "/home/soroosh/anaconda3/lib/python3.9/http/client.py", line 1371, in getresponse
    response.begin()
  File "/home/soroosh/anaconda3/lib/python3.9/http/client.py", line 319, in begin
    version, status, reason = self._read_status()
  File "/home/soroosh/anaconda3/lib/python3.9/http/client.py", line 280, in _read_status
    line = str(self.fp.readline(_MAXLINE + 1), "iso-8859-1")
  File "/home/soroosh/anaconda3/lib/python3.9/socket.py", line 704, in readinto
    return self._sock.recv_into(b)
  File "/home/soroosh/anaconda3/lib/python3.9/ssl.py", line 1241, in recv_into
    return self.read(nbytes, buffer)
  File "/home/soroosh/anaconda3/lib/python3.9/ssl.py", line 1099, in read
    return self._sslobj.read(len, buffer)
socket.timeout: The read operation timed out

During handling of the above exception, another exception occurred:

Traceback (most recent call last):
  File "/home/soroosh/anaconda3/lib/python3.9/site-packages/requests/adapters.py", line 439, in send
    resp = conn.urlopen(
  File "/home/soroosh/anaconda3/lib/python3.9/site-packages/urllib3/connectionpool.py", line 755, in urlopen
    retries = retries.increment(
  File "/home/soroosh/anaconda3/lib/python3.9/site-packages/urllib3/util/retry.py", line 532, in increment
    raise six.reraise(type(error), error, _stacktrace)
  File "/home/soroosh/anaconda3/lib/python3.9/site-packages/urllib3/packages/six.py", line 770, in reraise
    raise value
  File "/home/soroosh/anaconda3/lib/python3.9/site-packages/urllib3/connectionpool.py", line 699, in urlopen
    httplib_response = self._make_request(
  File "/home/soroosh/anaconda3/lib/python3.9/site-packages/urllib3/connectionpool.py", line 447, in _make_request
    self._raise_timeout(err=e, url=url, timeout_value=read_timeout)
  File "/home/soroosh/anaconda3/lib/python3.9/site-packages/urllib3/connectionpool.py", line 336, in _raise_timeout
    raise ReadTimeoutError(
urllib3.exceptions.ReadTimeoutError: HTTPSConnectionPool(host='api.wandb.ai', port=443): Read timed out. (read timeout=10)

During handling of the above exception, another exception occurred:

Traceback (most recent call last):
  File "/home/soroosh/venv_Jan2022/lib/python3.9/site-packages/wandb/sdk/lib/retry.py", line 102, in __call__
    result = self._call_fn(*args, **kwargs)
  File "/home/soroosh/venv_Jan2022/lib/python3.9/site-packages/wandb/sdk/internal/internal_api.py", line 140, in execute
    return self.client.execute(*args, **kwargs)
  File "/home/soroosh/venv_Jan2022/lib/python3.9/site-packages/wandb/vendor/gql-0.2.0/gql/client.py", line 52, in execute
    result = self._get_result(document, *args, **kwargs)
  File "/home/soroosh/venv_Jan2022/lib/python3.9/site-packages/wandb/vendor/gql-0.2.0/gql/client.py", line 60, in _get_result
    return self.transport.execute(document, *args, **kwargs)
  File "/home/soroosh/venv_Jan2022/lib/python3.9/site-packages/wandb/vendor/gql-0.2.0/gql/transport/requests.py", line 38, in execute
    request = requests.post(self.url, **post_args)
  File "/home/soroosh/anaconda3/lib/python3.9/site-packages/requests/api.py", line 117, in post
    return request('post', url, data=data, json=json, **kwargs)
  File "/home/soroosh/anaconda3/lib/python3.9/site-packages/requests/api.py", line 61, in request
    return session.request(method=method, url=url, **kwargs)
  File "/home/soroosh/anaconda3/lib/python3.9/site-packages/requests/sessions.py", line 542, in request
    resp = self.send(prep, **send_kwargs)
  File "/home/soroosh/anaconda3/lib/python3.9/site-packages/requests/sessions.py", line 655, in send
    r = adapter.send(request, **kwargs)
  File "/home/soroosh/anaconda3/lib/python3.9/site-packages/requests/adapters.py", line 529, in send
    raise ReadTimeout(e, request=request)
requests.exceptions.ReadTimeout: HTTPSConnectionPool(host='api.wandb.ai', port=443): Read timed out. (read timeout=10)
2022-03-30 21:21:53,784 DEBUG   HandlerThread:374840 [handler.py:handle_request():131] handle_request: stop_status
2022-03-30 21:22:13,808 DEBUG   HandlerThread:374840 [handler.py:handle_request():131] handle_request: stop_status
2022-03-30 21:22:33,807 DEBUG   HandlerThread:374840 [handler.py:handle_request():131] handle_request: stop_status
2022-03-30 21:22:40,982 DEBUG   SenderThread:374840 [sender.py:send():235] send: stats
2022-03-30 21:22:40,984 DEBUG   SenderThread:374840 [sender.py:send_request():249] send_request: stop_status
2022-03-30 21:22:41,534 DEBUG   SenderThread:374840 [sender.py:send():235] send: stats
2022-03-30 21:22:41,534 DEBUG   SenderThread:374840 [sender.py:send_request():249] send_request: stop_status
2022-03-30 21:22:42,019 DEBUG   SenderThread:374840 [sender.py:send_request():249] send_request: stop_status
2022-03-30 21:22:43,236 DEBUG   SenderThread:374840 [sender.py:send():235] send: stats
2022-03-30 21:22:43,236 DEBUG   SenderThread:374840 [sender.py:send_request():249] send_request: stop_status
2022-03-30 21:22:49,068 DEBUG   SenderThread:374840 [sender.py:send():235] send: stats
2022-03-30 21:22:53,811 DEBUG   HandlerThread:374840 [handler.py:handle_request():131] handle_request: stop_status
2022-03-30 21:22:53,811 DEBUG   SenderThread:374840 [sender.py:send_request():249] send_request: stop_status
2022-03-30 21:23:09,049 DEBUG   HandlerThread:374840 [handler.py:handle_request():131] handle_request: stop_status
2022-03-30 21:23:09,049 DEBUG   SenderThread:374840 [sender.py:send_request():249] send_request: stop_status
2022-03-30 21:23:19,162 DEBUG   SenderThread:374840 [sender.py:send():235] send: stats
2022-03-30 21:23:24,298 DEBUG   HandlerThread:374840 [handler.py:handle_request():131] handle_request: stop_status
2022-03-30 21:23:24,298 DEBUG   SenderThread:374840 [sender.py:send_request():249] send_request: stop_status
2022-03-30 21:23:41,330 DEBUG   HandlerThread:374840 [handler.py:handle_request():131] handle_request: stop_status
2022-03-30 21:23:41,330 DEBUG   SenderThread:374840 [sender.py:send_request():249] send_request: stop_status
2022-03-30 21:23:49,540 DEBUG   SenderThread:374840 [sender.py:send():235] send: stats
2022-03-30 21:23:56,578 DEBUG   HandlerThread:374840 [handler.py:handle_request():131] handle_request: stop_status
2022-03-30 21:23:56,578 DEBUG   SenderThread:374840 [sender.py:send_request():249] send_request: stop_status
2022-03-30 21:24:11,807 DEBUG   HandlerThread:374840 [handler.py:handle_request():131] handle_request: stop_status
2022-03-30 21:24:11,807 DEBUG   SenderThread:374840 [sender.py:send_request():249] send_request: stop_status
2022-03-30 21:24:20,149 DEBUG   SenderThread:374840 [sender.py:send():235] send: stats
2022-03-30 21:24:27,054 DEBUG   HandlerThread:374840 [handler.py:handle_request():131] handle_request: stop_status
2022-03-30 21:24:27,054 DEBUG   SenderThread:374840 [sender.py:send_request():249] send_request: stop_status
2022-03-30 21:24:42,418 DEBUG   HandlerThread:374840 [handler.py:handle_request():131] handle_request: stop_status
2022-03-30 21:24:42,418 DEBUG   SenderThread:374840 [sender.py:send_request():249] send_request: stop_status
2022-03-30 21:24:50,818 DEBUG   SenderThread:374840 [sender.py:send():235] send: stats
2022-03-30 21:24:57,665 DEBUG   HandlerThread:374840 [handler.py:handle_request():131] handle_request: stop_status
2022-03-30 21:24:57,666 DEBUG   SenderThread:374840 [sender.py:send_request():249] send_request: stop_status
2022-03-30 21:25:12,890 DEBUG   HandlerThread:374840 [handler.py:handle_request():131] handle_request: stop_status
2022-03-30 21:25:12,891 DEBUG   SenderThread:374840 [sender.py:send_request():249] send_request: stop_status
2022-03-30 21:25:21,382 DEBUG   SenderThread:374840 [sender.py:send():235] send: stats
2022-03-30 21:25:28,129 DEBUG   HandlerThread:374840 [handler.py:handle_request():131] handle_request: stop_status
2022-03-30 21:25:28,130 DEBUG   SenderThread:374840 [sender.py:send_request():249] send_request: stop_status
2022-03-30 21:25:43,363 DEBUG   HandlerThread:374840 [handler.py:handle_request():131] handle_request: stop_status
2022-03-30 21:25:43,364 DEBUG   SenderThread:374840 [sender.py:send_request():249] send_request: stop_status
2022-03-30 21:25:51,714 DEBUG   SenderThread:374840 [sender.py:send():235] send: stats
2022-03-30 21:25:58,596 DEBUG   HandlerThread:374840 [handler.py:handle_request():131] handle_request: stop_status
2022-03-30 21:25:58,597 DEBUG   SenderThread:374840 [sender.py:send_request():249] send_request: stop_status
2022-03-30 21:26:13,830 DEBUG   HandlerThread:374840 [handler.py:handle_request():131] handle_request: stop_status
2022-03-30 21:26:13,831 DEBUG   SenderThread:374840 [sender.py:send_request():249] send_request: stop_status
2022-03-30 21:26:22,648 DEBUG   SenderThread:374840 [sender.py:send():235] send: stats
2022-03-30 21:26:29,051 DEBUG   HandlerThread:374840 [handler.py:handle_request():131] handle_request: stop_status
2022-03-30 21:26:29,051 DEBUG   SenderThread:374840 [sender.py:send_request():249] send_request: stop_status
2022-03-30 21:26:44,266 DEBUG   HandlerThread:374840 [handler.py:handle_request():131] handle_request: stop_status
2022-03-30 21:26:44,267 DEBUG   SenderThread:374840 [sender.py:send_request():249] send_request: stop_status
2022-03-30 21:26:53,156 DEBUG   SenderThread:374840 [sender.py:send():235] send: stats
2022-03-30 21:26:59,516 DEBUG   HandlerThread:374840 [handler.py:handle_request():131] handle_request: stop_status
2022-03-30 21:26:59,516 DEBUG   SenderThread:374840 [sender.py:send_request():249] send_request: stop_status
2022-03-30 21:27:14,734 DEBUG   HandlerThread:374840 [handler.py:handle_request():131] handle_request: stop_status
2022-03-30 21:27:14,734 DEBUG   SenderThread:374840 [sender.py:send_request():249] send_request: stop_status
2022-03-30 21:27:23,336 DEBUG   SenderThread:374840 [sender.py:send():235] send: stats
2022-03-30 21:27:29,952 DEBUG   HandlerThread:374840 [handler.py:handle_request():131] handle_request: stop_status
2022-03-30 21:27:29,952 DEBUG   SenderThread:374840 [sender.py:send_request():249] send_request: stop_status
2022-03-30 21:27:45,179 DEBUG   HandlerThread:374840 [handler.py:handle_request():131] handle_request: stop_status
2022-03-30 21:27:45,179 DEBUG   SenderThread:374840 [sender.py:send_request():249] send_request: stop_status
2022-03-30 21:27:53,504 DEBUG   SenderThread:374840 [sender.py:send():235] send: stats
2022-03-30 21:27:57,502 DEBUG   SenderThread:374840 [sender.py:send():235] send: history
2022-03-30 21:27:57,502 DEBUG   SenderThread:374840 [sender.py:send():235] send: summary
2022-03-30 21:27:57,502 INFO    SenderThread:374840 [sender.py:_save_file():944] saving file wandb-summary.json with policy end
2022-03-30 21:27:57,907 INFO    Thread-8  :374840 [dir_watcher.py:_on_file_modified():230] file/dir modified: /home/soroosh/Programmes/DD/DD_package/wandb/run-20220330_210125-1ouliowe/files/wandb-summary.json
2022-03-30 21:27:59,568 DEBUG   SenderThread:374840 [sender.py:send():235] send: telemetry
2022-03-30 21:27:59,569 DEBUG   SenderThread:374840 [sender.py:send():235] send: exit
2022-03-30 21:27:59,569 INFO    SenderThread:374840 [sender.py:send_exit():371] handling exit code: 0
2022-03-30 21:27:59,569 INFO    SenderThread:374840 [sender.py:send_exit():373] handling runtime: 1590
2022-03-30 21:27:59,570 INFO    SenderThread:374840 [sender.py:_save_file():944] saving file wandb-summary.json with policy end
2022-03-30 21:27:59,570 INFO    SenderThread:374840 [sender.py:send_exit():379] send defer
2022-03-30 21:27:59,571 DEBUG   HandlerThread:374840 [handler.py:handle_request():131] handle_request: defer
2022-03-30 21:27:59,571 INFO    HandlerThread:374840 [handler.py:handle_request_defer():154] handle defer: 0
2022-03-30 21:27:59,571 DEBUG   SenderThread:374840 [sender.py:send_request():249] send_request: defer
2022-03-30 21:27:59,571 INFO    SenderThread:374840 [sender.py:send_request_defer():388] handle sender defer: 0
2022-03-30 21:27:59,571 INFO    SenderThread:374840 [sender.py:transition_state():392] send defer: 1
2022-03-30 21:27:59,571 DEBUG   HandlerThread:374840 [handler.py:handle_request():131] handle_request: defer
2022-03-30 21:27:59,571 INFO    HandlerThread:374840 [handler.py:handle_request_defer():154] handle defer: 1
2022-03-30 21:27:59,669 DEBUG   HandlerThread:374840 [handler.py:handle_request():131] handle_request: poll_exit
2022-03-30 21:27:59,669 DEBUG   SenderThread:374840 [sender.py:send_request():249] send_request: defer
2022-03-30 21:27:59,669 INFO    SenderThread:374840 [sender.py:send_request_defer():388] handle sender defer: 1
2022-03-30 21:27:59,669 INFO    SenderThread:374840 [sender.py:transition_state():392] send defer: 2
2022-03-30 21:27:59,669 DEBUG   SenderThread:374840 [sender.py:send_request():249] send_request: poll_exit
2022-03-30 21:27:59,670 DEBUG   SenderThread:374840 [sender.py:send():235] send: stats
2022-03-30 21:27:59,671 DEBUG   HandlerThread:374840 [handler.py:handle_request():131] handle_request: defer
2022-03-30 21:27:59,671 INFO    HandlerThread:374840 [handler.py:handle_request_defer():154] handle defer: 2
2022-03-30 21:27:59,671 DEBUG   SenderThread:374840 [sender.py:send_request():249] send_request: defer
2022-03-30 21:27:59,671 INFO    SenderThread:374840 [sender.py:send_request_defer():388] handle sender defer: 2
2022-03-30 21:27:59,671 INFO    SenderThread:374840 [sender.py:transition_state():392] send defer: 3
2022-03-30 21:27:59,671 DEBUG   HandlerThread:374840 [handler.py:handle_request():131] handle_request: defer
2022-03-30 21:27:59,671 INFO    HandlerThread:374840 [handler.py:handle_request_defer():154] handle defer: 3
2022-03-30 21:27:59,672 DEBUG   SenderThread:374840 [sender.py:send():235] send: summary
2022-03-30 21:27:59,672 INFO    SenderThread:374840 [sender.py:_save_file():944] saving file wandb-summary.json with policy end
2022-03-30 21:27:59,672 DEBUG   SenderThread:374840 [sender.py:send_request():249] send_request: defer
2022-03-30 21:27:59,673 INFO    SenderThread:374840 [sender.py:send_request_defer():388] handle sender defer: 3
2022-03-30 21:27:59,673 INFO    SenderThread:374840 [sender.py:transition_state():392] send defer: 4
2022-03-30 21:27:59,673 DEBUG   HandlerThread:374840 [handler.py:handle_request():131] handle_request: defer
2022-03-30 21:27:59,673 INFO    HandlerThread:374840 [handler.py:handle_request_defer():154] handle defer: 4
2022-03-30 21:27:59,673 DEBUG   SenderThread:374840 [sender.py:send_request():249] send_request: defer
2022-03-30 21:27:59,673 INFO    SenderThread:374840 [sender.py:send_request_defer():388] handle sender defer: 4
2022-03-30 21:27:59,780 DEBUG   HandlerThread:374840 [handler.py:handle_request():131] handle_request: poll_exit
2022-03-30 21:27:59,908 INFO    Thread-8  :374840 [dir_watcher.py:_on_file_modified():230] file/dir modified: /home/soroosh/Programmes/DD/DD_package/wandb/run-20220330_210125-1ouliowe/files/wandb-summary.json
2022-03-30 21:27:59,915 INFO    SenderThread:374840 [sender.py:transition_state():392] send defer: 5
2022-03-30 21:27:59,915 DEBUG   SenderThread:374840 [sender.py:send_request():249] send_request: poll_exit
2022-03-30 21:27:59,916 DEBUG   HandlerThread:374840 [handler.py:handle_request():131] handle_request: defer
2022-03-30 21:27:59,916 INFO    HandlerThread:374840 [handler.py:handle_request_defer():154] handle defer: 5
2022-03-30 21:27:59,918 DEBUG   SenderThread:374840 [sender.py:send_request():249] send_request: defer
2022-03-30 21:27:59,918 INFO    SenderThread:374840 [sender.py:send_request_defer():388] handle sender defer: 5
2022-03-30 21:27:59,918 INFO    SenderThread:374840 [dir_watcher.py:finish():283] shutting down directory watcher
2022-03-30 21:28:00,018 DEBUG   HandlerThread:374840 [handler.py:handle_request():131] handle_request: poll_exit
2022-03-30 21:28:00,909 INFO    Thread-8  :374840 [dir_watcher.py:_on_file_modified():230] file/dir modified: /home/soroosh/Programmes/DD/DD_package/wandb/run-20220330_210125-1ouliowe/files/config.yaml
2022-03-30 21:28:00,910 INFO    SenderThread:374840 [dir_watcher.py:finish():313] scan: /home/soroosh/Programmes/DD/DD_package/wandb/run-20220330_210125-1ouliowe/files
2022-03-30 21:28:00,910 INFO    SenderThread:374840 [dir_watcher.py:finish():327] scan save: /home/soroosh/Programmes/DD/DD_package/wandb/run-20220330_210125-1ouliowe/files/wandb-summary.json wandb-summary.json
2022-03-30 21:28:00,910 INFO    SenderThread:374840 [dir_watcher.py:finish():327] scan save: /home/soroosh/Programmes/DD/DD_package/wandb/run-20220330_210125-1ouliowe/files/wandb-metadata.json wandb-metadata.json
2022-03-30 21:28:00,910 INFO    SenderThread:374840 [dir_watcher.py:finish():327] scan save: /home/soroosh/Programmes/DD/DD_package/wandb/run-20220330_210125-1ouliowe/files/upstream_diff_ec064c4178a238a3b0d6d4e1c8b1489265d49e7b.patch upstream_diff_ec064c4178a238a3b0d6d4e1c8b1489265d49e7b.patch
2022-03-30 21:28:00,914 INFO    SenderThread:374840 [dir_watcher.py:finish():327] scan save: /home/soroosh/Programmes/DD/DD_package/wandb/run-20220330_210125-1ouliowe/files/output.log output.log
2022-03-30 21:28:00,915 INFO    SenderThread:374840 [dir_watcher.py:finish():327] scan save: /home/soroosh/Programmes/DD/DD_package/wandb/run-20220330_210125-1ouliowe/files/requirements.txt requirements.txt
2022-03-30 21:28:00,915 INFO    SenderThread:374840 [dir_watcher.py:finish():327] scan save: /home/soroosh/Programmes/DD/DD_package/wandb/run-20220330_210125-1ouliowe/files/config.yaml config.yaml
2022-03-30 21:28:00,915 INFO    SenderThread:374840 [dir_watcher.py:finish():327] scan save: /home/soroosh/Programmes/DD/DD_package/wandb/run-20220330_210125-1ouliowe/files/diff.patch diff.patch
2022-03-30 21:28:00,920 INFO    SenderThread:374840 [dir_watcher.py:finish():327] scan save: /home/soroosh/Programmes/DD/DD_package/wandb/run-20220330_210125-1ouliowe/files/code/DD_package/main.py code/DD_package/main.py
2022-03-30 21:28:00,920 INFO    SenderThread:374840 [sender.py:transition_state():392] send defer: 6
2022-03-30 21:28:00,920 DEBUG   SenderThread:374840 [sender.py:send_request():249] send_request: poll_exit
2022-03-30 21:28:00,921 DEBUG   HandlerThread:374840 [handler.py:handle_request():131] handle_request: defer
2022-03-30 21:28:00,921 INFO    HandlerThread:374840 [handler.py:handle_request_defer():154] handle defer: 6
2022-03-30 21:28:00,921 DEBUG   SenderThread:374840 [sender.py:send_request():249] send_request: defer
2022-03-30 21:28:00,921 INFO    SenderThread:374840 [sender.py:send_request_defer():388] handle sender defer: 6
2022-03-30 21:28:00,922 INFO    SenderThread:374840 [file_pusher.py:finish():177] shutting down file pusher
2022-03-30 21:28:01,022 DEBUG   HandlerThread:374840 [handler.py:handle_request():131] handle_request: poll_exit
2022-03-30 21:28:01,022 DEBUG   SenderThread:374840 [sender.py:send_request():249] send_request: poll_exit
2022-03-30 21:28:01,124 DEBUG   HandlerThread:374840 [handler.py:handle_request():131] handle_request: poll_exit
2022-03-30 21:28:01,124 DEBUG   SenderThread:374840 [sender.py:send_request():249] send_request: poll_exit
2022-03-30 21:28:01,225 DEBUG   HandlerThread:374840 [handler.py:handle_request():131] handle_request: poll_exit
2022-03-30 21:28:01,226 DEBUG   SenderThread:374840 [sender.py:send_request():249] send_request: poll_exit
2022-03-30 21:28:01,328 DEBUG   HandlerThread:374840 [handler.py:handle_request():131] handle_request: poll_exit
2022-03-30 21:28:01,328 DEBUG   SenderThread:374840 [sender.py:send_request():249] send_request: poll_exit
2022-03-30 21:28:01,430 DEBUG   HandlerThread:374840 [handler.py:handle_request():131] handle_request: poll_exit
2022-03-30 21:28:01,430 DEBUG   SenderThread:374840 [sender.py:send_request():249] send_request: poll_exit
2022-03-30 21:28:01,534 DEBUG   HandlerThread:374840 [handler.py:handle_request():131] handle_request: poll_exit
2022-03-30 21:28:01,534 DEBUG   SenderThread:374840 [sender.py:send_request():249] send_request: poll_exit
2022-03-30 21:28:01,595 INFO    Thread-15 :374840 [upload_job.py:push():137] Uploaded file /home/soroosh/Programmes/DD/DD_package/wandb/run-20220330_210125-1ouliowe/files/wandb-summary.json
2022-03-30 21:28:01,598 INFO    Thread-17 :374840 [upload_job.py:push():137] Uploaded file /home/soroosh/Programmes/DD/DD_package/wandb/run-20220330_210125-1ouliowe/files/config.yaml
2022-03-30 21:28:01,629 INFO    Thread-16 :374840 [upload_job.py:push():137] Uploaded file /home/soroosh/Programmes/DD/DD_package/wandb/run-20220330_210125-1ouliowe/files/requirements.txt
2022-03-30 21:28:01,636 DEBUG   HandlerThread:374840 [handler.py:handle_request():131] handle_request: poll_exit
2022-03-30 21:28:01,637 DEBUG   SenderThread:374840 [sender.py:send_request():249] send_request: poll_exit
2022-03-30 21:28:01,740 DEBUG   HandlerThread:374840 [handler.py:handle_request():131] handle_request: poll_exit
2022-03-30 21:28:01,741 DEBUG   SenderThread:374840 [sender.py:send_request():249] send_request: poll_exit
2022-03-30 21:28:01,830 INFO    Thread-7  :374840 [sender.py:transition_state():392] send defer: 7
2022-03-30 21:28:01,831 DEBUG   HandlerThread:374840 [handler.py:handle_request():131] handle_request: defer
2022-03-30 21:28:01,831 INFO    HandlerThread:374840 [handler.py:handle_request_defer():154] handle defer: 7
2022-03-30 21:28:01,831 DEBUG   SenderThread:374840 [sender.py:send_request():249] send_request: defer
2022-03-30 21:28:01,831 INFO    SenderThread:374840 [sender.py:send_request_defer():388] handle sender defer: 7
2022-03-30 21:28:01,844 DEBUG   HandlerThread:374840 [handler.py:handle_request():131] handle_request: poll_exit
2022-03-30 21:28:02,636 INFO    SenderThread:374840 [sender.py:transition_state():392] send defer: 8
2022-03-30 21:28:02,636 DEBUG   SenderThread:374840 [sender.py:send_request():249] send_request: poll_exit
2022-03-30 21:28:02,636 DEBUG   HandlerThread:374840 [handler.py:handle_request():131] handle_request: defer
2022-03-30 21:28:02,637 INFO    HandlerThread:374840 [handler.py:handle_request_defer():154] handle defer: 8
2022-03-30 21:28:02,637 DEBUG   SenderThread:374840 [sender.py:send_request():249] send_request: defer
2022-03-30 21:28:02,637 INFO    SenderThread:374840 [sender.py:send_request_defer():388] handle sender defer: 8
2022-03-30 21:28:02,637 INFO    SenderThread:374840 [sender.py:transition_state():392] send defer: 9
2022-03-30 21:28:02,637 DEBUG   SenderThread:374840 [sender.py:send():235] send: final
2022-03-30 21:28:02,637 DEBUG   SenderThread:374840 [sender.py:send():235] send: footer
2022-03-30 21:28:02,637 DEBUG   HandlerThread:374840 [handler.py:handle_request():131] handle_request: defer
2022-03-30 21:28:02,637 INFO    HandlerThread:374840 [handler.py:handle_request_defer():154] handle defer: 9
2022-03-30 21:28:02,637 DEBUG   SenderThread:374840 [sender.py:send_request():249] send_request: defer
2022-03-30 21:28:02,637 INFO    SenderThread:374840 [sender.py:send_request_defer():388] handle sender defer: 9
2022-03-30 21:28:02,738 DEBUG   HandlerThread:374840 [handler.py:handle_request():131] handle_request: poll_exit
2022-03-30 21:28:02,739 DEBUG   SenderThread:374840 [sender.py:send_request():249] send_request: poll_exit
2022-03-30 21:28:02,739 INFO    SenderThread:374840 [file_pusher.py:join():182] waiting for file pusher
2022-03-30 21:28:03,155 DEBUG   HandlerThread:374840 [handler.py:handle_request():131] handle_request: get_summary
2022-03-30 21:28:03,157 DEBUG   HandlerThread:374840 [handler.py:handle_request():131] handle_request: sampled_history
2022-03-30 21:28:03,159 DEBUG   HandlerThread:374840 [handler.py:handle_request():131] handle_request: shutdown
2022-03-30 21:28:03,159 INFO    HandlerThread:374840 [handler.py:finish():739] shutting down handler
2022-03-30 21:28:03,637 INFO    WriterThread:374840 [datastore.py:close():281] close: /home/soroosh/Programmes/DD/DD_package/wandb/run-20220330_210125-1ouliowe/run-1ouliowe.wandb
2022-03-30 21:28:04,160 INFO    SenderThread:374840 [sender.py:finish():1075] shutting down sender
2022-03-30 21:28:04,160 INFO    SenderThread:374840 [file_pusher.py:finish():177] shutting down file pusher
2022-03-30 21:28:04,161 INFO    SenderThread:374840 [file_pusher.py:join():182] waiting for file pusher
2022-03-30 21:28:04,162 INFO    MainThread:374840 [internal.py:handle_exit():79] Internal process exited
